2021-07-12 14:33:51,573 DEBUG o.h.t.BasicTypeRegistry [restartedMain] Adding type registration boolean -> org.hibernate.type.BooleanType@5f448947
2021-07-12 14:33:51,574 DEBUG o.h.t.BasicTypeRegistry [restartedMain] Adding type registration boolean -> org.hibernate.type.BooleanType@5f448947
2021-07-12 14:33:51,575 DEBUG o.h.t.BasicTypeRegistry [restartedMain] Adding type registration java.lang.Boolean -> org.hibernate.type.BooleanType@5f448947
2021-07-12 14:33:51,575 DEBUG o.h.t.BasicTypeRegistry [restartedMain] Adding type registration numeric_boolean -> org.hibernate.type.NumericBooleanType@e7de3f7
2021-07-12 14:33:51,575 DEBUG o.h.t.BasicTypeRegistry [restartedMain] Adding type registration true_false -> org.hibernate.type.TrueFalseType@4a9cc66d
2021-07-12 14:33:51,576 DEBUG o.h.t.BasicTypeRegistry [restartedMain] Adding type registration yes_no -> org.hibernate.type.YesNoType@637f7292
2021-07-12 14:33:51,576 DEBUG o.h.t.BasicTypeRegistry [restartedMain] Adding type registration byte -> org.hibernate.type.ByteType@4dba6986
2021-07-12 14:33:51,576 DEBUG o.h.t.BasicTypeRegistry [restartedMain] Adding type registration byte -> org.hibernate.type.ByteType@4dba6986
2021-07-12 14:33:51,576 DEBUG o.h.t.BasicTypeRegistry [restartedMain] Adding type registration java.lang.Byte -> org.hibernate.type.ByteType@4dba6986
2021-07-12 14:33:51,577 DEBUG o.h.t.BasicTypeRegistry [restartedMain] Adding type registration character -> org.hibernate.type.CharacterType@16617f19
2021-07-12 14:33:51,577 DEBUG o.h.t.BasicTypeRegistry [restartedMain] Adding type registration char -> org.hibernate.type.CharacterType@16617f19
2021-07-12 14:33:51,577 DEBUG o.h.t.BasicTypeRegistry [restartedMain] Adding type registration java.lang.Character -> org.hibernate.type.CharacterType@16617f19
2021-07-12 14:33:51,577 DEBUG o.h.t.BasicTypeRegistry [restartedMain] Adding type registration short -> org.hibernate.type.ShortType@4c452418
2021-07-12 14:33:51,577 DEBUG o.h.t.BasicTypeRegistry [restartedMain] Adding type registration short -> org.hibernate.type.ShortType@4c452418
2021-07-12 14:33:51,577 DEBUG o.h.t.BasicTypeRegistry [restartedMain] Adding type registration java.lang.Short -> org.hibernate.type.ShortType@4c452418
2021-07-12 14:33:51,578 DEBUG o.h.t.BasicTypeRegistry [restartedMain] Adding type registration integer -> org.hibernate.type.IntegerType@2fe4b443
2021-07-12 14:33:51,578 DEBUG o.h.t.BasicTypeRegistry [restartedMain] Adding type registration int -> org.hibernate.type.IntegerType@2fe4b443
2021-07-12 14:33:51,578 DEBUG o.h.t.BasicTypeRegistry [restartedMain] Adding type registration java.lang.Integer -> org.hibernate.type.IntegerType@2fe4b443
2021-07-12 14:33:51,578 DEBUG o.h.t.BasicTypeRegistry [restartedMain] Adding type registration long -> org.hibernate.type.LongType@68ccfe12
2021-07-12 14:33:51,578 DEBUG o.h.t.BasicTypeRegistry [restartedMain] Adding type registration long -> org.hibernate.type.LongType@68ccfe12
2021-07-12 14:33:51,578 DEBUG o.h.t.BasicTypeRegistry [restartedMain] Adding type registration java.lang.Long -> org.hibernate.type.LongType@68ccfe12
2021-07-12 14:33:51,578 DEBUG o.h.t.BasicTypeRegistry [restartedMain] Adding type registration float -> org.hibernate.type.FloatType@6a9a1647
2021-07-12 14:33:51,579 DEBUG o.h.t.BasicTypeRegistry [restartedMain] Adding type registration float -> org.hibernate.type.FloatType@6a9a1647
2021-07-12 14:33:51,579 DEBUG o.h.t.BasicTypeRegistry [restartedMain] Adding type registration java.lang.Float -> org.hibernate.type.FloatType@6a9a1647
2021-07-12 14:33:51,579 DEBUG o.h.t.BasicTypeRegistry [restartedMain] Adding type registration double -> org.hibernate.type.DoubleType@5fda6451
2021-07-12 14:33:51,579 DEBUG o.h.t.BasicTypeRegistry [restartedMain] Adding type registration double -> org.hibernate.type.DoubleType@5fda6451
2021-07-12 14:33:51,579 DEBUG o.h.t.BasicTypeRegistry [restartedMain] Adding type registration java.lang.Double -> org.hibernate.type.DoubleType@5fda6451
2021-07-12 14:33:51,580 DEBUG o.h.t.BasicTypeRegistry [restartedMain] Adding type registration big_decimal -> org.hibernate.type.BigDecimalType@175f3b5b
2021-07-12 14:33:51,580 DEBUG o.h.t.BasicTypeRegistry [restartedMain] Adding type registration java.math.BigDecimal -> org.hibernate.type.BigDecimalType@175f3b5b
2021-07-12 14:33:51,580 DEBUG o.h.t.BasicTypeRegistry [restartedMain] Adding type registration big_integer -> org.hibernate.type.BigIntegerType@9b193b7
2021-07-12 14:33:51,580 DEBUG o.h.t.BasicTypeRegistry [restartedMain] Adding type registration java.math.BigInteger -> org.hibernate.type.BigIntegerType@9b193b7
2021-07-12 14:33:51,580 DEBUG o.h.t.BasicTypeRegistry [restartedMain] Adding type registration string -> org.hibernate.type.StringType@76cd87fd
2021-07-12 14:33:51,580 DEBUG o.h.t.BasicTypeRegistry [restartedMain] Adding type registration java.lang.String -> org.hibernate.type.StringType@76cd87fd
2021-07-12 14:33:51,581 DEBUG o.h.t.BasicTypeRegistry [restartedMain] Adding type registration nstring -> org.hibernate.type.StringNVarcharType@4bbdc518
2021-07-12 14:33:51,581 DEBUG o.h.t.BasicTypeRegistry [restartedMain] Adding type registration ncharacter -> org.hibernate.type.CharacterNCharType@414d632c
2021-07-12 14:33:51,581 DEBUG o.h.t.BasicTypeRegistry [restartedMain] Adding type registration url -> org.hibernate.type.UrlType@2fa1d93d
2021-07-12 14:33:51,581 DEBUG o.h.t.BasicTypeRegistry [restartedMain] Adding type registration java.net.URL -> org.hibernate.type.UrlType@2fa1d93d
2021-07-12 14:33:51,582 DEBUG o.h.t.BasicTypeRegistry [restartedMain] Adding type registration Duration -> org.hibernate.type.DurationType@23897cb8
2021-07-12 14:33:51,582 DEBUG o.h.t.BasicTypeRegistry [restartedMain] Adding type registration java.time.Duration -> org.hibernate.type.DurationType@23897cb8
2021-07-12 14:33:51,582 DEBUG o.h.t.BasicTypeRegistry [restartedMain] Adding type registration Instant -> org.hibernate.type.InstantType@3376ee0b
2021-07-12 14:33:51,582 DEBUG o.h.t.BasicTypeRegistry [restartedMain] Adding type registration java.time.Instant -> org.hibernate.type.InstantType@3376ee0b
2021-07-12 14:33:51,582 DEBUG o.h.t.BasicTypeRegistry [restartedMain] Adding type registration LocalDateTime -> org.hibernate.type.LocalDateTimeType@637e6d02
2021-07-12 14:33:51,582 DEBUG o.h.t.BasicTypeRegistry [restartedMain] Adding type registration java.time.LocalDateTime -> org.hibernate.type.LocalDateTimeType@637e6d02
2021-07-12 14:33:51,583 DEBUG o.h.t.BasicTypeRegistry [restartedMain] Adding type registration LocalDate -> org.hibernate.type.LocalDateType@27a40e05
2021-07-12 14:33:51,583 DEBUG o.h.t.BasicTypeRegistry [restartedMain] Adding type registration java.time.LocalDate -> org.hibernate.type.LocalDateType@27a40e05
2021-07-12 14:33:51,583 DEBUG o.h.t.BasicTypeRegistry [restartedMain] Adding type registration LocalTime -> org.hibernate.type.LocalTimeType@472c4ad2
2021-07-12 14:33:51,583 DEBUG o.h.t.BasicTypeRegistry [restartedMain] Adding type registration java.time.LocalTime -> org.hibernate.type.LocalTimeType@472c4ad2
2021-07-12 14:33:51,583 DEBUG o.h.t.BasicTypeRegistry [restartedMain] Adding type registration OffsetDateTime -> org.hibernate.type.OffsetDateTimeType@4bd2c7e9
2021-07-12 14:33:51,583 DEBUG o.h.t.BasicTypeRegistry [restartedMain] Adding type registration java.time.OffsetDateTime -> org.hibernate.type.OffsetDateTimeType@4bd2c7e9
2021-07-12 14:33:51,584 DEBUG o.h.t.BasicTypeRegistry [restartedMain] Adding type registration OffsetTime -> org.hibernate.type.OffsetTimeType@24ae2d74
2021-07-12 14:33:51,584 DEBUG o.h.t.BasicTypeRegistry [restartedMain] Adding type registration java.time.OffsetTime -> org.hibernate.type.OffsetTimeType@24ae2d74
2021-07-12 14:33:51,584 DEBUG o.h.t.BasicTypeRegistry [restartedMain] Adding type registration ZonedDateTime -> org.hibernate.type.ZonedDateTimeType@e66e1
2021-07-12 14:33:51,584 DEBUG o.h.t.BasicTypeRegistry [restartedMain] Adding type registration java.time.ZonedDateTime -> org.hibernate.type.ZonedDateTimeType@e66e1
2021-07-12 14:33:51,584 DEBUG o.h.t.BasicTypeRegistry [restartedMain] Adding type registration date -> org.hibernate.type.DateType@403a7548
2021-07-12 14:33:51,584 DEBUG o.h.t.BasicTypeRegistry [restartedMain] Adding type registration java.sql.Date -> org.hibernate.type.DateType@403a7548
2021-07-12 14:33:51,585 DEBUG o.h.t.BasicTypeRegistry [restartedMain] Adding type registration time -> org.hibernate.type.TimeType@38f3a926
2021-07-12 14:33:51,585 DEBUG o.h.t.BasicTypeRegistry [restartedMain] Adding type registration java.sql.Time -> org.hibernate.type.TimeType@38f3a926
2021-07-12 14:33:51,585 DEBUG o.h.t.BasicTypeRegistry [restartedMain] Adding type registration timestamp -> org.hibernate.type.TimestampType@67e06e08
2021-07-12 14:33:51,585 DEBUG o.h.t.BasicTypeRegistry [restartedMain] Adding type registration java.sql.Timestamp -> org.hibernate.type.TimestampType@67e06e08
2021-07-12 14:33:51,585 DEBUG o.h.t.BasicTypeRegistry [restartedMain] Adding type registration java.util.Date -> org.hibernate.type.TimestampType@67e06e08
2021-07-12 14:33:51,585 DEBUG o.h.t.BasicTypeRegistry [restartedMain] Adding type registration dbtimestamp -> org.hibernate.type.DbTimestampType@3d9b195a
2021-07-12 14:33:51,585 DEBUG o.h.t.BasicTypeRegistry [restartedMain] Adding type registration calendar -> org.hibernate.type.CalendarType@527cd5a6
2021-07-12 14:33:51,586 DEBUG o.h.t.BasicTypeRegistry [restartedMain] Adding type registration java.util.Calendar -> org.hibernate.type.CalendarType@527cd5a6
2021-07-12 14:33:51,586 DEBUG o.h.t.BasicTypeRegistry [restartedMain] Adding type registration java.util.GregorianCalendar -> org.hibernate.type.CalendarType@527cd5a6
2021-07-12 14:33:51,586 DEBUG o.h.t.BasicTypeRegistry [restartedMain] Adding type registration calendar_date -> org.hibernate.type.CalendarDateType@6d9e27e4
2021-07-12 14:33:51,586 DEBUG o.h.t.BasicTypeRegistry [restartedMain] Adding type registration calendar_time -> org.hibernate.type.CalendarTimeType@5bc0f314
2021-07-12 14:33:51,586 DEBUG o.h.t.BasicTypeRegistry [restartedMain] Adding type registration locale -> org.hibernate.type.LocaleType@6600896e
2021-07-12 14:33:51,586 DEBUG o.h.t.BasicTypeRegistry [restartedMain] Adding type registration java.util.Locale -> org.hibernate.type.LocaleType@6600896e
2021-07-12 14:33:51,586 DEBUG o.h.t.BasicTypeRegistry [restartedMain] Adding type registration currency -> org.hibernate.type.CurrencyType@4f1bc62e
2021-07-12 14:33:51,587 DEBUG o.h.t.BasicTypeRegistry [restartedMain] Adding type registration java.util.Currency -> org.hibernate.type.CurrencyType@4f1bc62e
2021-07-12 14:33:51,587 DEBUG o.h.t.BasicTypeRegistry [restartedMain] Adding type registration timezone -> org.hibernate.type.TimeZoneType@6ec3e7e
2021-07-12 14:33:51,587 DEBUG o.h.t.BasicTypeRegistry [restartedMain] Adding type registration java.util.TimeZone -> org.hibernate.type.TimeZoneType@6ec3e7e
2021-07-12 14:33:51,587 DEBUG o.h.t.BasicTypeRegistry [restartedMain] Adding type registration class -> org.hibernate.type.ClassType@72482fa6
2021-07-12 14:33:51,587 DEBUG o.h.t.BasicTypeRegistry [restartedMain] Adding type registration java.lang.Class -> org.hibernate.type.ClassType@72482fa6
2021-07-12 14:33:51,587 DEBUG o.h.t.BasicTypeRegistry [restartedMain] Adding type registration uuid-binary -> org.hibernate.type.UUIDBinaryType@4cab5fc
2021-07-12 14:33:51,588 DEBUG o.h.t.BasicTypeRegistry [restartedMain] Adding type registration java.util.UUID -> org.hibernate.type.UUIDBinaryType@4cab5fc
2021-07-12 14:33:51,588 DEBUG o.h.t.BasicTypeRegistry [restartedMain] Adding type registration uuid-char -> org.hibernate.type.UUIDCharType@611c66b2
2021-07-12 14:33:51,588 DEBUG o.h.t.BasicTypeRegistry [restartedMain] Adding type registration binary -> org.hibernate.type.BinaryType@5f06da71
2021-07-12 14:33:51,588 DEBUG o.h.t.BasicTypeRegistry [restartedMain] Adding type registration byte[] -> org.hibernate.type.BinaryType@5f06da71
2021-07-12 14:33:51,588 DEBUG o.h.t.BasicTypeRegistry [restartedMain] Adding type registration [B -> org.hibernate.type.BinaryType@5f06da71
2021-07-12 14:33:51,588 DEBUG o.h.t.BasicTypeRegistry [restartedMain] Adding type registration wrapper-binary -> org.hibernate.type.WrapperBinaryType@37b1df65
2021-07-12 14:33:51,588 DEBUG o.h.t.BasicTypeRegistry [restartedMain] Adding type registration Byte[] -> org.hibernate.type.WrapperBinaryType@37b1df65
2021-07-12 14:33:51,588 DEBUG o.h.t.BasicTypeRegistry [restartedMain] Adding type registration [Ljava.lang.Byte; -> org.hibernate.type.WrapperBinaryType@37b1df65
2021-07-12 14:33:51,588 DEBUG o.h.t.BasicTypeRegistry [restartedMain] Adding type registration row_version -> org.hibernate.type.RowVersionType@d46127c
2021-07-12 14:33:51,589 DEBUG o.h.t.BasicTypeRegistry [restartedMain] Adding type registration image -> org.hibernate.type.ImageType@395e16cd
2021-07-12 14:33:51,589 DEBUG o.h.t.BasicTypeRegistry [restartedMain] Adding type registration characters -> org.hibernate.type.CharArrayType@1e03b86
2021-07-12 14:33:51,589 DEBUG o.h.t.BasicTypeRegistry [restartedMain] Adding type registration char[] -> org.hibernate.type.CharArrayType@1e03b86
2021-07-12 14:33:51,589 DEBUG o.h.t.BasicTypeRegistry [restartedMain] Adding type registration [C -> org.hibernate.type.CharArrayType@1e03b86
2021-07-12 14:33:51,589 DEBUG o.h.t.BasicTypeRegistry [restartedMain] Adding type registration wrapper-characters -> org.hibernate.type.CharacterArrayType@74528f01
2021-07-12 14:33:51,589 DEBUG o.h.t.BasicTypeRegistry [restartedMain] Adding type registration [Ljava.lang.Character; -> org.hibernate.type.CharacterArrayType@74528f01
2021-07-12 14:33:51,589 DEBUG o.h.t.BasicTypeRegistry [restartedMain] Adding type registration Character[] -> org.hibernate.type.CharacterArrayType@74528f01
2021-07-12 14:33:51,589 DEBUG o.h.t.BasicTypeRegistry [restartedMain] Adding type registration text -> org.hibernate.type.TextType@76cf91e9
2021-07-12 14:33:51,590 DEBUG o.h.t.BasicTypeRegistry [restartedMain] Adding type registration ntext -> org.hibernate.type.NTextType@1932f2ff
2021-07-12 14:33:51,590 DEBUG o.h.t.BasicTypeRegistry [restartedMain] Adding type registration blob -> org.hibernate.type.BlobType@792c1e2
2021-07-12 14:33:51,591 DEBUG o.h.t.BasicTypeRegistry [restartedMain] Adding type registration java.sql.Blob -> org.hibernate.type.BlobType@792c1e2
2021-07-12 14:33:51,591 DEBUG o.h.t.BasicTypeRegistry [restartedMain] Adding type registration materialized_blob -> org.hibernate.type.MaterializedBlobType@6d34eb7a
2021-07-12 14:33:51,591 DEBUG o.h.t.BasicTypeRegistry [restartedMain] Adding type registration clob -> org.hibernate.type.ClobType@f29fbe3
2021-07-12 14:33:51,591 DEBUG o.h.t.BasicTypeRegistry [restartedMain] Adding type registration java.sql.Clob -> org.hibernate.type.ClobType@f29fbe3
2021-07-12 14:33:51,591 DEBUG o.h.t.BasicTypeRegistry [restartedMain] Adding type registration nclob -> org.hibernate.type.NClobType@708337fe
2021-07-12 14:33:51,591 DEBUG o.h.t.BasicTypeRegistry [restartedMain] Adding type registration java.sql.NClob -> org.hibernate.type.NClobType@708337fe
2021-07-12 14:33:51,591 DEBUG o.h.t.BasicTypeRegistry [restartedMain] Adding type registration materialized_clob -> org.hibernate.type.MaterializedClobType@5b1512a5
2021-07-12 14:33:51,592 DEBUG o.h.t.BasicTypeRegistry [restartedMain] Adding type registration materialized_nclob -> org.hibernate.type.MaterializedNClobType@4e56813f
2021-07-12 14:33:51,592 DEBUG o.h.t.BasicTypeRegistry [restartedMain] Adding type registration serializable -> org.hibernate.type.SerializableType@781d2237
2021-07-12 14:33:51,592 DEBUG o.h.t.BasicTypeRegistry [restartedMain] Adding type registration object -> org.hibernate.type.ObjectType@64c44346
2021-07-12 14:33:51,592 DEBUG o.h.t.BasicTypeRegistry [restartedMain] Adding type registration java.lang.Object -> org.hibernate.type.ObjectType@64c44346
2021-07-12 14:33:51,592 DEBUG o.h.t.BasicTypeRegistry [restartedMain] Adding type registration imm_date -> org.hibernate.type.AdaptedImmutableType@59a0e47c
2021-07-12 14:33:51,593 DEBUG o.h.t.BasicTypeRegistry [restartedMain] Adding type registration imm_time -> org.hibernate.type.AdaptedImmutableType@4af4430c
2021-07-12 14:33:51,593 DEBUG o.h.t.BasicTypeRegistry [restartedMain] Adding type registration imm_timestamp -> org.hibernate.type.AdaptedImmutableType@61ca9795
2021-07-12 14:33:51,593 DEBUG o.h.t.BasicTypeRegistry [restartedMain] Adding type registration imm_dbtimestamp -> org.hibernate.type.AdaptedImmutableType@721a2551
2021-07-12 14:33:51,593 DEBUG o.h.t.BasicTypeRegistry [restartedMain] Adding type registration imm_calendar -> org.hibernate.type.AdaptedImmutableType@2c47ac6a
2021-07-12 14:33:51,593 DEBUG o.h.t.BasicTypeRegistry [restartedMain] Adding type registration imm_calendar_date -> org.hibernate.type.AdaptedImmutableType@444376cd
2021-07-12 14:33:51,594 DEBUG o.h.t.BasicTypeRegistry [restartedMain] Adding type registration imm_binary -> org.hibernate.type.AdaptedImmutableType@718037ef
2021-07-12 14:33:51,594 DEBUG o.h.t.BasicTypeRegistry [restartedMain] Adding type registration imm_serializable -> org.hibernate.type.AdaptedImmutableType@5213b423
2021-07-12 14:33:52,309 DEBUG o.h.t.BasicTypeRegistry [restartedMain] Adding type registration pg-uuid -> org.hibernate.type.PostgresUUIDType@68611b22
2021-07-12 14:33:52,309 DEBUG o.h.t.BasicTypeRegistry [restartedMain] Adding type registration java.util.UUID -> org.hibernate.type.PostgresUUIDType@68611b22
2021-07-12 14:33:52,309 DEBUG o.h.t.BasicTypeRegistry [restartedMain] HHH000270: Type registration [java.util.UUID] overrides previous : org.hibernate.type.UUIDBinaryType@4cab5fc
2021-07-12 14:33:52,310 DEBUG o.h.t.s.TypeConfiguration$Scope [restartedMain] Scoping TypeConfiguration [org.hibernate.type.spi.TypeConfiguration@45f742bb] to MetadataBuildingContext [org.hibernate.boot.internal.MetadataBuildingContextRootImpl@26111758]
2021-07-12 14:33:52,344 DEBUG o.h.t.s.TypeConfiguration$Scope [restartedMain] Scoping TypeConfiguration [org.hibernate.type.spi.TypeConfiguration@45f742bb] to SessionFactoryImpl [org.hibernate.internal.SessionFactoryImpl@2f67d63]
2021-07-12 14:33:53,420 TRACE o.h.t.s.TypeConfiguration$Scope [restartedMain] Handling #sessionFactoryCreated from [org.hibernate.internal.SessionFactoryImpl@2f67d63] for TypeConfiguration
2021-07-12 14:35:10,517 TRACE o.h.t.s.TypeConfiguration$Scope [Thread-34] Handling #sessionFactoryClosed from [org.hibernate.internal.SessionFactoryImpl@2f67d63] for TypeConfiguration
2021-07-12 14:35:10,518 DEBUG o.h.t.s.TypeConfiguration$Scope [Thread-34] Un-scoping TypeConfiguration [org.hibernate.type.spi.TypeConfiguration$Scope@2b681723] from SessionFactory [org.hibernate.internal.SessionFactoryImpl@2f67d63]
2021-07-12 14:35:10,858 INFO c.c.h.HrmsApplication [restartedMain] Starting HrmsApplication using Java 16.0.1 on ELXAN-PC with PID 14876 (D:\Workspace\java-camp\hrms\target\classes started by Elxan in D:\Workspace\java-camp\hrms)
2021-07-12 14:35:10,859 DEBUG c.c.h.HrmsApplication [restartedMain] Running with Spring Boot v2.5.0, Spring v5.3.7
2021-07-12 14:35:10,859 INFO c.c.h.HrmsApplication [restartedMain] No active profile set, falling back to default profiles: default
2021-07-12 14:35:11,900 DEBUG o.h.t.BasicTypeRegistry [restartedMain] Adding type registration boolean -> org.hibernate.type.BooleanType@5f448947
2021-07-12 14:35:11,900 DEBUG o.h.t.BasicTypeRegistry [restartedMain] Adding type registration boolean -> org.hibernate.type.BooleanType@5f448947
2021-07-12 14:35:11,900 DEBUG o.h.t.BasicTypeRegistry [restartedMain] Adding type registration java.lang.Boolean -> org.hibernate.type.BooleanType@5f448947
2021-07-12 14:35:11,900 DEBUG o.h.t.BasicTypeRegistry [restartedMain] Adding type registration numeric_boolean -> org.hibernate.type.NumericBooleanType@e7de3f7
2021-07-12 14:35:11,900 DEBUG o.h.t.BasicTypeRegistry [restartedMain] Adding type registration true_false -> org.hibernate.type.TrueFalseType@4a9cc66d
2021-07-12 14:35:11,901 DEBUG o.h.t.BasicTypeRegistry [restartedMain] Adding type registration yes_no -> org.hibernate.type.YesNoType@637f7292
2021-07-12 14:35:11,901 DEBUG o.h.t.BasicTypeRegistry [restartedMain] Adding type registration byte -> org.hibernate.type.ByteType@4dba6986
2021-07-12 14:35:11,901 DEBUG o.h.t.BasicTypeRegistry [restartedMain] Adding type registration byte -> org.hibernate.type.ByteType@4dba6986
2021-07-12 14:35:11,901 DEBUG o.h.t.BasicTypeRegistry [restartedMain] Adding type registration java.lang.Byte -> org.hibernate.type.ByteType@4dba6986
2021-07-12 14:35:11,901 DEBUG o.h.t.BasicTypeRegistry [restartedMain] Adding type registration character -> org.hibernate.type.CharacterType@16617f19
2021-07-12 14:35:11,901 DEBUG o.h.t.BasicTypeRegistry [restartedMain] Adding type registration char -> org.hibernate.type.CharacterType@16617f19
2021-07-12 14:35:11,901 DEBUG o.h.t.BasicTypeRegistry [restartedMain] Adding type registration java.lang.Character -> org.hibernate.type.CharacterType@16617f19
2021-07-12 14:35:11,901 DEBUG o.h.t.BasicTypeRegistry [restartedMain] Adding type registration short -> org.hibernate.type.ShortType@4c452418
2021-07-12 14:35:11,901 DEBUG o.h.t.BasicTypeRegistry [restartedMain] Adding type registration short -> org.hibernate.type.ShortType@4c452418
2021-07-12 14:35:11,901 DEBUG o.h.t.BasicTypeRegistry [restartedMain] Adding type registration java.lang.Short -> org.hibernate.type.ShortType@4c452418
2021-07-12 14:35:11,901 DEBUG o.h.t.BasicTypeRegistry [restartedMain] Adding type registration integer -> org.hibernate.type.IntegerType@2fe4b443
2021-07-12 14:35:11,901 DEBUG o.h.t.BasicTypeRegistry [restartedMain] Adding type registration int -> org.hibernate.type.IntegerType@2fe4b443
2021-07-12 14:35:11,902 DEBUG o.h.t.BasicTypeRegistry [restartedMain] Adding type registration java.lang.Integer -> org.hibernate.type.IntegerType@2fe4b443
2021-07-12 14:35:11,902 DEBUG o.h.t.BasicTypeRegistry [restartedMain] Adding type registration long -> org.hibernate.type.LongType@68ccfe12
2021-07-12 14:35:11,902 DEBUG o.h.t.BasicTypeRegistry [restartedMain] Adding type registration long -> org.hibernate.type.LongType@68ccfe12
2021-07-12 14:35:11,902 DEBUG o.h.t.BasicTypeRegistry [restartedMain] Adding type registration java.lang.Long -> org.hibernate.type.LongType@68ccfe12
2021-07-12 14:35:11,902 DEBUG o.h.t.BasicTypeRegistry [restartedMain] Adding type registration float -> org.hibernate.type.FloatType@6a9a1647
2021-07-12 14:35:11,902 DEBUG o.h.t.BasicTypeRegistry [restartedMain] Adding type registration float -> org.hibernate.type.FloatType@6a9a1647
2021-07-12 14:35:11,902 DEBUG o.h.t.BasicTypeRegistry [restartedMain] Adding type registration java.lang.Float -> org.hibernate.type.FloatType@6a9a1647
2021-07-12 14:35:11,902 DEBUG o.h.t.BasicTypeRegistry [restartedMain] Adding type registration double -> org.hibernate.type.DoubleType@5fda6451
2021-07-12 14:35:11,902 DEBUG o.h.t.BasicTypeRegistry [restartedMain] Adding type registration double -> org.hibernate.type.DoubleType@5fda6451
2021-07-12 14:35:11,902 DEBUG o.h.t.BasicTypeRegistry [restartedMain] Adding type registration java.lang.Double -> org.hibernate.type.DoubleType@5fda6451
2021-07-12 14:35:11,902 DEBUG o.h.t.BasicTypeRegistry [restartedMain] Adding type registration big_decimal -> org.hibernate.type.BigDecimalType@175f3b5b
2021-07-12 14:35:11,902 DEBUG o.h.t.BasicTypeRegistry [restartedMain] Adding type registration java.math.BigDecimal -> org.hibernate.type.BigDecimalType@175f3b5b
2021-07-12 14:35:11,902 DEBUG o.h.t.BasicTypeRegistry [restartedMain] Adding type registration big_integer -> org.hibernate.type.BigIntegerType@9b193b7
2021-07-12 14:35:11,902 DEBUG o.h.t.BasicTypeRegistry [restartedMain] Adding type registration java.math.BigInteger -> org.hibernate.type.BigIntegerType@9b193b7
2021-07-12 14:35:11,903 DEBUG o.h.t.BasicTypeRegistry [restartedMain] Adding type registration string -> org.hibernate.type.StringType@76cd87fd
2021-07-12 14:35:11,903 DEBUG o.h.t.BasicTypeRegistry [restartedMain] Adding type registration java.lang.String -> org.hibernate.type.StringType@76cd87fd
2021-07-12 14:35:11,903 DEBUG o.h.t.BasicTypeRegistry [restartedMain] Adding type registration nstring -> org.hibernate.type.StringNVarcharType@4bbdc518
2021-07-12 14:35:11,903 DEBUG o.h.t.BasicTypeRegistry [restartedMain] Adding type registration ncharacter -> org.hibernate.type.CharacterNCharType@414d632c
2021-07-12 14:35:11,903 DEBUG o.h.t.BasicTypeRegistry [restartedMain] Adding type registration url -> org.hibernate.type.UrlType@2fa1d93d
2021-07-12 14:35:11,903 DEBUG o.h.t.BasicTypeRegistry [restartedMain] Adding type registration java.net.URL -> org.hibernate.type.UrlType@2fa1d93d
2021-07-12 14:35:11,903 DEBUG o.h.t.BasicTypeRegistry [restartedMain] Adding type registration Duration -> org.hibernate.type.DurationType@23897cb8
2021-07-12 14:35:11,903 DEBUG o.h.t.BasicTypeRegistry [restartedMain] Adding type registration java.time.Duration -> org.hibernate.type.DurationType@23897cb8
2021-07-12 14:35:11,903 DEBUG o.h.t.BasicTypeRegistry [restartedMain] Adding type registration Instant -> org.hibernate.type.InstantType@3376ee0b
2021-07-12 14:35:11,903 DEBUG o.h.t.BasicTypeRegistry [restartedMain] Adding type registration java.time.Instant -> org.hibernate.type.InstantType@3376ee0b
2021-07-12 14:35:11,903 DEBUG o.h.t.BasicTypeRegistry [restartedMain] Adding type registration LocalDateTime -> org.hibernate.type.LocalDateTimeType@637e6d02
2021-07-12 14:35:11,903 DEBUG o.h.t.BasicTypeRegistry [restartedMain] Adding type registration java.time.LocalDateTime -> org.hibernate.type.LocalDateTimeType@637e6d02
2021-07-12 14:35:11,903 DEBUG o.h.t.BasicTypeRegistry [restartedMain] Adding type registration LocalDate -> org.hibernate.type.LocalDateType@27a40e05
2021-07-12 14:35:11,904 DEBUG o.h.t.BasicTypeRegistry [restartedMain] Adding type registration java.time.LocalDate -> org.hibernate.type.LocalDateType@27a40e05
2021-07-12 14:35:11,904 DEBUG o.h.t.BasicTypeRegistry [restartedMain] Adding type registration LocalTime -> org.hibernate.type.LocalTimeType@472c4ad2
2021-07-12 14:35:11,904 DEBUG o.h.t.BasicTypeRegistry [restartedMain] Adding type registration java.time.LocalTime -> org.hibernate.type.LocalTimeType@472c4ad2
2021-07-12 14:35:11,904 DEBUG o.h.t.BasicTypeRegistry [restartedMain] Adding type registration OffsetDateTime -> org.hibernate.type.OffsetDateTimeType@4bd2c7e9
2021-07-12 14:35:11,904 DEBUG o.h.t.BasicTypeRegistry [restartedMain] Adding type registration java.time.OffsetDateTime -> org.hibernate.type.OffsetDateTimeType@4bd2c7e9
2021-07-12 14:35:11,904 DEBUG o.h.t.BasicTypeRegistry [restartedMain] Adding type registration OffsetTime -> org.hibernate.type.OffsetTimeType@24ae2d74
2021-07-12 14:35:11,904 DEBUG o.h.t.BasicTypeRegistry [restartedMain] Adding type registration java.time.OffsetTime -> org.hibernate.type.OffsetTimeType@24ae2d74
2021-07-12 14:35:11,904 DEBUG o.h.t.BasicTypeRegistry [restartedMain] Adding type registration ZonedDateTime -> org.hibernate.type.ZonedDateTimeType@e66e1
2021-07-12 14:35:11,904 DEBUG o.h.t.BasicTypeRegistry [restartedMain] Adding type registration java.time.ZonedDateTime -> org.hibernate.type.ZonedDateTimeType@e66e1
2021-07-12 14:35:11,904 DEBUG o.h.t.BasicTypeRegistry [restartedMain] Adding type registration date -> org.hibernate.type.DateType@403a7548
2021-07-12 14:35:11,904 DEBUG o.h.t.BasicTypeRegistry [restartedMain] Adding type registration java.sql.Date -> org.hibernate.type.DateType@403a7548
2021-07-12 14:35:11,905 DEBUG o.h.t.BasicTypeRegistry [restartedMain] Adding type registration time -> org.hibernate.type.TimeType@38f3a926
2021-07-12 14:35:11,905 DEBUG o.h.t.BasicTypeRegistry [restartedMain] Adding type registration java.sql.Time -> org.hibernate.type.TimeType@38f3a926
2021-07-12 14:35:11,905 DEBUG o.h.t.BasicTypeRegistry [restartedMain] Adding type registration timestamp -> org.hibernate.type.TimestampType@67e06e08
2021-07-12 14:35:11,905 DEBUG o.h.t.BasicTypeRegistry [restartedMain] Adding type registration java.sql.Timestamp -> org.hibernate.type.TimestampType@67e06e08
2021-07-12 14:35:11,905 DEBUG o.h.t.BasicTypeRegistry [restartedMain] Adding type registration java.util.Date -> org.hibernate.type.TimestampType@67e06e08
2021-07-12 14:35:11,905 DEBUG o.h.t.BasicTypeRegistry [restartedMain] Adding type registration dbtimestamp -> org.hibernate.type.DbTimestampType@3d9b195a
2021-07-12 14:35:11,905 DEBUG o.h.t.BasicTypeRegistry [restartedMain] Adding type registration calendar -> org.hibernate.type.CalendarType@527cd5a6
2021-07-12 14:35:11,905 DEBUG o.h.t.BasicTypeRegistry [restartedMain] Adding type registration java.util.Calendar -> org.hibernate.type.CalendarType@527cd5a6
2021-07-12 14:35:11,905 DEBUG o.h.t.BasicTypeRegistry [restartedMain] Adding type registration java.util.GregorianCalendar -> org.hibernate.type.CalendarType@527cd5a6
2021-07-12 14:35:11,906 DEBUG o.h.t.BasicTypeRegistry [restartedMain] Adding type registration calendar_date -> org.hibernate.type.CalendarDateType@6d9e27e4
2021-07-12 14:35:11,906 DEBUG o.h.t.BasicTypeRegistry [restartedMain] Adding type registration calendar_time -> org.hibernate.type.CalendarTimeType@5bc0f314
2021-07-12 14:35:11,906 DEBUG o.h.t.BasicTypeRegistry [restartedMain] Adding type registration locale -> org.hibernate.type.LocaleType@6600896e
2021-07-12 14:35:11,906 DEBUG o.h.t.BasicTypeRegistry [restartedMain] Adding type registration java.util.Locale -> org.hibernate.type.LocaleType@6600896e
2021-07-12 14:35:11,906 DEBUG o.h.t.BasicTypeRegistry [restartedMain] Adding type registration currency -> org.hibernate.type.CurrencyType@4f1bc62e
2021-07-12 14:35:11,906 DEBUG o.h.t.BasicTypeRegistry [restartedMain] Adding type registration java.util.Currency -> org.hibernate.type.CurrencyType@4f1bc62e
2021-07-12 14:35:11,906 DEBUG o.h.t.BasicTypeRegistry [restartedMain] Adding type registration timezone -> org.hibernate.type.TimeZoneType@6ec3e7e
2021-07-12 14:35:11,906 DEBUG o.h.t.BasicTypeRegistry [restartedMain] Adding type registration java.util.TimeZone -> org.hibernate.type.TimeZoneType@6ec3e7e
2021-07-12 14:35:11,907 DEBUG o.h.t.BasicTypeRegistry [restartedMain] Adding type registration class -> org.hibernate.type.ClassType@72482fa6
2021-07-12 14:35:11,907 DEBUG o.h.t.BasicTypeRegistry [restartedMain] Adding type registration java.lang.Class -> org.hibernate.type.ClassType@72482fa6
2021-07-12 14:35:11,907 DEBUG o.h.t.BasicTypeRegistry [restartedMain] Adding type registration uuid-binary -> org.hibernate.type.UUIDBinaryType@4cab5fc
2021-07-12 14:35:11,907 DEBUG o.h.t.BasicTypeRegistry [restartedMain] Adding type registration java.util.UUID -> org.hibernate.type.UUIDBinaryType@4cab5fc
2021-07-12 14:35:11,907 DEBUG o.h.t.BasicTypeRegistry [restartedMain] Adding type registration uuid-char -> org.hibernate.type.UUIDCharType@611c66b2
2021-07-12 14:35:11,907 DEBUG o.h.t.BasicTypeRegistry [restartedMain] Adding type registration binary -> org.hibernate.type.BinaryType@5f06da71
2021-07-12 14:35:11,907 DEBUG o.h.t.BasicTypeRegistry [restartedMain] Adding type registration byte[] -> org.hibernate.type.BinaryType@5f06da71
2021-07-12 14:35:11,908 DEBUG o.h.t.BasicTypeRegistry [restartedMain] Adding type registration [B -> org.hibernate.type.BinaryType@5f06da71
2021-07-12 14:35:11,908 DEBUG o.h.t.BasicTypeRegistry [restartedMain] Adding type registration wrapper-binary -> org.hibernate.type.WrapperBinaryType@37b1df65
2021-07-12 14:35:11,908 DEBUG o.h.t.BasicTypeRegistry [restartedMain] Adding type registration Byte[] -> org.hibernate.type.WrapperBinaryType@37b1df65
2021-07-12 14:35:11,908 DEBUG o.h.t.BasicTypeRegistry [restartedMain] Adding type registration [Ljava.lang.Byte; -> org.hibernate.type.WrapperBinaryType@37b1df65
2021-07-12 14:35:11,908 DEBUG o.h.t.BasicTypeRegistry [restartedMain] Adding type registration row_version -> org.hibernate.type.RowVersionType@d46127c
2021-07-12 14:35:11,908 DEBUG o.h.t.BasicTypeRegistry [restartedMain] Adding type registration image -> org.hibernate.type.ImageType@395e16cd
2021-07-12 14:35:11,908 DEBUG o.h.t.BasicTypeRegistry [restartedMain] Adding type registration characters -> org.hibernate.type.CharArrayType@1e03b86
2021-07-12 14:35:11,908 DEBUG o.h.t.BasicTypeRegistry [restartedMain] Adding type registration char[] -> org.hibernate.type.CharArrayType@1e03b86
2021-07-12 14:35:11,908 DEBUG o.h.t.BasicTypeRegistry [restartedMain] Adding type registration [C -> org.hibernate.type.CharArrayType@1e03b86
2021-07-12 14:35:11,908 DEBUG o.h.t.BasicTypeRegistry [restartedMain] Adding type registration wrapper-characters -> org.hibernate.type.CharacterArrayType@74528f01
2021-07-12 14:35:11,908 DEBUG o.h.t.BasicTypeRegistry [restartedMain] Adding type registration [Ljava.lang.Character; -> org.hibernate.type.CharacterArrayType@74528f01
2021-07-12 14:35:11,908 DEBUG o.h.t.BasicTypeRegistry [restartedMain] Adding type registration Character[] -> org.hibernate.type.CharacterArrayType@74528f01
2021-07-12 14:35:11,908 DEBUG o.h.t.BasicTypeRegistry [restartedMain] Adding type registration text -> org.hibernate.type.TextType@76cf91e9
2021-07-12 14:35:11,909 DEBUG o.h.t.BasicTypeRegistry [restartedMain] Adding type registration ntext -> org.hibernate.type.NTextType@1932f2ff
2021-07-12 14:35:11,909 DEBUG o.h.t.BasicTypeRegistry [restartedMain] Adding type registration blob -> org.hibernate.type.BlobType@792c1e2
2021-07-12 14:35:11,909 DEBUG o.h.t.BasicTypeRegistry [restartedMain] Adding type registration java.sql.Blob -> org.hibernate.type.BlobType@792c1e2
2021-07-12 14:35:11,909 DEBUG o.h.t.BasicTypeRegistry [restartedMain] Adding type registration materialized_blob -> org.hibernate.type.MaterializedBlobType@6d34eb7a
2021-07-12 14:35:11,909 DEBUG o.h.t.BasicTypeRegistry [restartedMain] Adding type registration clob -> org.hibernate.type.ClobType@f29fbe3
2021-07-12 14:35:11,909 DEBUG o.h.t.BasicTypeRegistry [restartedMain] Adding type registration java.sql.Clob -> org.hibernate.type.ClobType@f29fbe3
2021-07-12 14:35:11,909 DEBUG o.h.t.BasicTypeRegistry [restartedMain] Adding type registration nclob -> org.hibernate.type.NClobType@708337fe
2021-07-12 14:35:11,909 DEBUG o.h.t.BasicTypeRegistry [restartedMain] Adding type registration java.sql.NClob -> org.hibernate.type.NClobType@708337fe
2021-07-12 14:35:11,909 DEBUG o.h.t.BasicTypeRegistry [restartedMain] Adding type registration materialized_clob -> org.hibernate.type.MaterializedClobType@5b1512a5
2021-07-12 14:35:11,909 DEBUG o.h.t.BasicTypeRegistry [restartedMain] Adding type registration materialized_nclob -> org.hibernate.type.MaterializedNClobType@4e56813f
2021-07-12 14:35:11,909 DEBUG o.h.t.BasicTypeRegistry [restartedMain] Adding type registration serializable -> org.hibernate.type.SerializableType@781d2237
2021-07-12 14:35:11,909 DEBUG o.h.t.BasicTypeRegistry [restartedMain] Adding type registration object -> org.hibernate.type.ObjectType@64c44346
2021-07-12 14:35:11,909 DEBUG o.h.t.BasicTypeRegistry [restartedMain] Adding type registration java.lang.Object -> org.hibernate.type.ObjectType@64c44346
2021-07-12 14:35:11,910 DEBUG o.h.t.BasicTypeRegistry [restartedMain] Adding type registration imm_date -> org.hibernate.type.AdaptedImmutableType@fee3ed0
2021-07-12 14:35:11,910 DEBUG o.h.t.BasicTypeRegistry [restartedMain] Adding type registration imm_time -> org.hibernate.type.AdaptedImmutableType@72b87f3c
2021-07-12 14:35:11,910 DEBUG o.h.t.BasicTypeRegistry [restartedMain] Adding type registration imm_timestamp -> org.hibernate.type.AdaptedImmutableType@6161b32f
2021-07-12 14:35:11,910 DEBUG o.h.t.BasicTypeRegistry [restartedMain] Adding type registration imm_dbtimestamp -> org.hibernate.type.AdaptedImmutableType@7694e9b9
2021-07-12 14:35:11,910 DEBUG o.h.t.BasicTypeRegistry [restartedMain] Adding type registration imm_calendar -> org.hibernate.type.AdaptedImmutableType@8f24105
2021-07-12 14:35:11,910 DEBUG o.h.t.BasicTypeRegistry [restartedMain] Adding type registration imm_calendar_date -> org.hibernate.type.AdaptedImmutableType@39029eb8
2021-07-12 14:35:11,910 DEBUG o.h.t.BasicTypeRegistry [restartedMain] Adding type registration imm_binary -> org.hibernate.type.AdaptedImmutableType@5516ba7c
2021-07-12 14:35:11,910 DEBUG o.h.t.BasicTypeRegistry [restartedMain] Adding type registration imm_serializable -> org.hibernate.type.AdaptedImmutableType@41e4846
2021-07-12 14:35:12,380 DEBUG o.h.t.BasicTypeRegistry [restartedMain] Adding type registration pg-uuid -> org.hibernate.type.PostgresUUIDType@68611b22
2021-07-12 14:35:12,380 DEBUG o.h.t.BasicTypeRegistry [restartedMain] Adding type registration java.util.UUID -> org.hibernate.type.PostgresUUIDType@68611b22
2021-07-12 14:35:12,380 DEBUG o.h.t.BasicTypeRegistry [restartedMain] HHH000270: Type registration [java.util.UUID] overrides previous : org.hibernate.type.UUIDBinaryType@4cab5fc
2021-07-12 14:35:12,381 DEBUG o.h.t.s.TypeConfiguration$Scope [restartedMain] Scoping TypeConfiguration [org.hibernate.type.spi.TypeConfiguration@585edc7a] to MetadataBuildingContext [org.hibernate.boot.internal.MetadataBuildingContextRootImpl@666ff205]
2021-07-12 14:35:12,417 DEBUG o.h.t.s.TypeConfiguration$Scope [restartedMain] Scoping TypeConfiguration [org.hibernate.type.spi.TypeConfiguration@585edc7a] to SessionFactoryImpl [org.hibernate.internal.SessionFactoryImpl@67c5db8f]
2021-07-12 14:35:13,956 TRACE o.h.t.s.TypeConfiguration$Scope [restartedMain] Handling #sessionFactoryCreated from [org.hibernate.internal.SessionFactoryImpl@67c5db8f] for TypeConfiguration
2021-07-12 14:35:15,041 INFO c.c.h.HrmsApplication [restartedMain] Started HrmsApplication in 4.345 seconds (JVM running for 1188.086)
2021-07-12 15:22:46,975 DEBUG o.h.SQL [http-nio-9090-exec-9] select jobtitle0_.id as id1_4_, jobtitle0_.created_at as created_2_4_, jobtitle0_.is_active as is_activ3_4_, jobtitle0_.updated_at as updated_4_4_, jobtitle0_.job_desc as job_desc5_4_ from job_title jobtitle0_
2021-07-12 15:22:47,224 TRACE o.h.t.d.s.BasicExtractor [http-nio-9090-exec-9] extracted value ([id1_4_] : [INTEGER]) - [46]
2021-07-12 15:22:47,245 TRACE o.h.t.d.s.BasicExtractor [http-nio-9090-exec-9] extracted value ([created_2_4_] : [DATE]) - [2021-06-01]
2021-07-12 15:22:47,246 TRACE o.h.t.d.s.BasicExtractor [http-nio-9090-exec-9] extracted value ([is_activ3_4_] : [BOOLEAN]) - [true]
2021-07-12 15:22:47,246 TRACE o.h.t.d.s.BasicExtractor [http-nio-9090-exec-9] extracted value ([updated_4_4_] : [DATE]) - [null]
2021-07-12 15:22:47,248 TRACE o.h.t.d.s.BasicExtractor [http-nio-9090-exec-9] extracted value ([job_desc5_4_] : [VARCHAR]) - [UX designer]
2021-07-12 15:22:47,249 TRACE o.h.t.d.s.BasicExtractor [http-nio-9090-exec-9] extracted value ([id1_4_] : [INTEGER]) - [47]
2021-07-12 15:22:47,249 TRACE o.h.t.d.s.BasicExtractor [http-nio-9090-exec-9] extracted value ([created_2_4_] : [DATE]) - [2021-06-01]
2021-07-12 15:22:47,249 TRACE o.h.t.d.s.BasicExtractor [http-nio-9090-exec-9] extracted value ([is_activ3_4_] : [BOOLEAN]) - [true]
2021-07-12 15:22:47,249 TRACE o.h.t.d.s.BasicExtractor [http-nio-9090-exec-9] extracted value ([updated_4_4_] : [DATE]) - [null]
2021-07-12 15:22:47,250 TRACE o.h.t.d.s.BasicExtractor [http-nio-9090-exec-9] extracted value ([job_desc5_4_] : [VARCHAR]) - [SQL developer]
2021-07-12 15:22:47,250 TRACE o.h.t.d.s.BasicExtractor [http-nio-9090-exec-9] extracted value ([id1_4_] : [INTEGER]) - [48]
2021-07-12 15:22:47,250 TRACE o.h.t.d.s.BasicExtractor [http-nio-9090-exec-9] extracted value ([created_2_4_] : [DATE]) - [2021-06-01]
2021-07-12 15:22:47,250 TRACE o.h.t.d.s.BasicExtractor [http-nio-9090-exec-9] extracted value ([is_activ3_4_] : [BOOLEAN]) - [true]
2021-07-12 15:22:47,251 TRACE o.h.t.d.s.BasicExtractor [http-nio-9090-exec-9] extracted value ([updated_4_4_] : [DATE]) - [null]
2021-07-12 15:22:47,251 TRACE o.h.t.d.s.BasicExtractor [http-nio-9090-exec-9] extracted value ([job_desc5_4_] : [VARCHAR]) - [Engineer]
2021-07-12 15:22:47,251 TRACE o.h.t.d.s.BasicExtractor [http-nio-9090-exec-9] extracted value ([id1_4_] : [INTEGER]) - [1]
2021-07-12 15:22:47,251 TRACE o.h.t.d.s.BasicExtractor [http-nio-9090-exec-9] extracted value ([created_2_4_] : [DATE]) - [2021-06-01]
2021-07-12 15:22:47,252 TRACE o.h.t.d.s.BasicExtractor [http-nio-9090-exec-9] extracted value ([is_activ3_4_] : [BOOLEAN]) - [true]
2021-07-12 15:22:47,252 TRACE o.h.t.d.s.BasicExtractor [http-nio-9090-exec-9] extracted value ([updated_4_4_] : [DATE]) - [null]
2021-07-12 15:22:47,252 TRACE o.h.t.d.s.BasicExtractor [http-nio-9090-exec-9] extracted value ([job_desc5_4_] : [VARCHAR]) - [Foresters]
2021-07-12 15:22:47,252 TRACE o.h.t.d.s.BasicExtractor [http-nio-9090-exec-9] extracted value ([id1_4_] : [INTEGER]) - [2]
2021-07-12 15:22:47,253 TRACE o.h.t.d.s.BasicExtractor [http-nio-9090-exec-9] extracted value ([created_2_4_] : [DATE]) - [2021-06-01]
2021-07-12 15:22:47,253 TRACE o.h.t.d.s.BasicExtractor [http-nio-9090-exec-9] extracted value ([is_activ3_4_] : [BOOLEAN]) - [false]
2021-07-12 15:22:47,253 TRACE o.h.t.d.s.BasicExtractor [http-nio-9090-exec-9] extracted value ([updated_4_4_] : [DATE]) - [null]
2021-07-12 15:22:47,253 TRACE o.h.t.d.s.BasicExtractor [http-nio-9090-exec-9] extracted value ([job_desc5_4_] : [VARCHAR]) - [Biochemist]
2021-07-12 15:22:47,254 TRACE o.h.t.d.s.BasicExtractor [http-nio-9090-exec-9] extracted value ([id1_4_] : [INTEGER]) - [3]
2021-07-12 15:22:47,254 TRACE o.h.t.d.s.BasicExtractor [http-nio-9090-exec-9] extracted value ([created_2_4_] : [DATE]) - [2021-06-01]
2021-07-12 15:22:47,254 TRACE o.h.t.d.s.BasicExtractor [http-nio-9090-exec-9] extracted value ([is_activ3_4_] : [BOOLEAN]) - [true]
2021-07-12 15:22:47,254 TRACE o.h.t.d.s.BasicExtractor [http-nio-9090-exec-9] extracted value ([updated_4_4_] : [DATE]) - [null]
2021-07-12 15:22:47,255 TRACE o.h.t.d.s.BasicExtractor [http-nio-9090-exec-9] extracted value ([job_desc5_4_] : [VARCHAR]) - [Food scientist]
2021-07-12 15:22:47,255 TRACE o.h.t.d.s.BasicExtractor [http-nio-9090-exec-9] extracted value ([id1_4_] : [INTEGER]) - [4]
2021-07-12 15:22:47,255 TRACE o.h.t.d.s.BasicExtractor [http-nio-9090-exec-9] extracted value ([created_2_4_] : [DATE]) - [2021-06-01]
2021-07-12 15:22:47,255 TRACE o.h.t.d.s.BasicExtractor [http-nio-9090-exec-9] extracted value ([is_activ3_4_] : [BOOLEAN]) - [true]
2021-07-12 15:22:47,255 TRACE o.h.t.d.s.BasicExtractor [http-nio-9090-exec-9] extracted value ([updated_4_4_] : [DATE]) - [null]
2021-07-12 15:22:47,255 TRACE o.h.t.d.s.BasicExtractor [http-nio-9090-exec-9] extracted value ([job_desc5_4_] : [VARCHAR]) - [Animal geneticist]
2021-07-12 15:22:47,256 TRACE o.h.t.d.s.BasicExtractor [http-nio-9090-exec-9] extracted value ([id1_4_] : [INTEGER]) - [5]
2021-07-12 15:22:47,256 TRACE o.h.t.d.s.BasicExtractor [http-nio-9090-exec-9] extracted value ([created_2_4_] : [DATE]) - [2021-06-01]
2021-07-12 15:22:47,256 TRACE o.h.t.d.s.BasicExtractor [http-nio-9090-exec-9] extracted value ([is_activ3_4_] : [BOOLEAN]) - [false]
2021-07-12 15:22:47,256 TRACE o.h.t.d.s.BasicExtractor [http-nio-9090-exec-9] extracted value ([updated_4_4_] : [DATE]) - [null]
2021-07-12 15:22:47,256 TRACE o.h.t.d.s.BasicExtractor [http-nio-9090-exec-9] extracted value ([job_desc5_4_] : [VARCHAR]) - [Farmer]
2021-07-12 15:22:47,256 TRACE o.h.t.d.s.BasicExtractor [http-nio-9090-exec-9] extracted value ([id1_4_] : [INTEGER]) - [6]
2021-07-12 15:22:47,257 TRACE o.h.t.d.s.BasicExtractor [http-nio-9090-exec-9] extracted value ([created_2_4_] : [DATE]) - [2021-06-01]
2021-07-12 15:22:47,257 TRACE o.h.t.d.s.BasicExtractor [http-nio-9090-exec-9] extracted value ([is_activ3_4_] : [BOOLEAN]) - [true]
2021-07-12 15:22:47,257 TRACE o.h.t.d.s.BasicExtractor [http-nio-9090-exec-9] extracted value ([updated_4_4_] : [DATE]) - [null]
2021-07-12 15:22:47,257 TRACE o.h.t.d.s.BasicExtractor [http-nio-9090-exec-9] extracted value ([job_desc5_4_] : [VARCHAR]) - [Wildlife biologist]
2021-07-12 15:22:47,258 TRACE o.h.t.d.s.BasicExtractor [http-nio-9090-exec-9] extracted value ([id1_4_] : [INTEGER]) - [7]
2021-07-12 15:22:47,258 TRACE o.h.t.d.s.BasicExtractor [http-nio-9090-exec-9] extracted value ([created_2_4_] : [DATE]) - [2021-06-01]
2021-07-12 15:22:47,258 TRACE o.h.t.d.s.BasicExtractor [http-nio-9090-exec-9] extracted value ([is_activ3_4_] : [BOOLEAN]) - [false]
2021-07-12 15:22:47,258 TRACE o.h.t.d.s.BasicExtractor [http-nio-9090-exec-9] extracted value ([updated_4_4_] : [DATE]) - [null]
2021-07-12 15:22:47,258 TRACE o.h.t.d.s.BasicExtractor [http-nio-9090-exec-9] extracted value ([job_desc5_4_] : [VARCHAR]) - [Horticulturist]
2021-07-12 15:22:47,258 TRACE o.h.t.d.s.BasicExtractor [http-nio-9090-exec-9] extracted value ([id1_4_] : [INTEGER]) - [8]
2021-07-12 15:22:47,259 TRACE o.h.t.d.s.BasicExtractor [http-nio-9090-exec-9] extracted value ([created_2_4_] : [DATE]) - [2021-06-01]
2021-07-12 15:22:47,259 TRACE o.h.t.d.s.BasicExtractor [http-nio-9090-exec-9] extracted value ([is_activ3_4_] : [BOOLEAN]) - [false]
2021-07-12 15:22:47,259 TRACE o.h.t.d.s.BasicExtractor [http-nio-9090-exec-9] extracted value ([updated_4_4_] : [DATE]) - [null]
2021-07-12 15:22:47,259 TRACE o.h.t.d.s.BasicExtractor [http-nio-9090-exec-9] extracted value ([job_desc5_4_] : [VARCHAR]) - [Plant nursery attendant]
2021-07-12 15:22:47,259 TRACE o.h.t.d.s.BasicExtractor [http-nio-9090-exec-9] extracted value ([id1_4_] : [INTEGER]) - [9]
2021-07-12 15:22:47,259 TRACE o.h.t.d.s.BasicExtractor [http-nio-9090-exec-9] extracted value ([created_2_4_] : [DATE]) - [2021-06-01]
2021-07-12 15:22:47,259 TRACE o.h.t.d.s.BasicExtractor [http-nio-9090-exec-9] extracted value ([is_activ3_4_] : [BOOLEAN]) - [true]
2021-07-12 15:22:47,259 TRACE o.h.t.d.s.BasicExtractor [http-nio-9090-exec-9] extracted value ([updated_4_4_] : [DATE]) - [null]
2021-07-12 15:22:47,259 TRACE o.h.t.d.s.BasicExtractor [http-nio-9090-exec-9] extracted value ([job_desc5_4_] : [VARCHAR]) - [Agriculture teacher]
2021-07-12 15:22:47,259 TRACE o.h.t.d.s.BasicExtractor [http-nio-9090-exec-9] extracted value ([id1_4_] : [INTEGER]) - [10]
2021-07-12 15:22:47,259 TRACE o.h.t.d.s.BasicExtractor [http-nio-9090-exec-9] extracted value ([created_2_4_] : [DATE]) - [2021-06-01]
2021-07-12 15:22:47,260 TRACE o.h.t.d.s.BasicExtractor [http-nio-9090-exec-9] extracted value ([is_activ3_4_] : [BOOLEAN]) - [true]
2021-07-12 15:22:47,260 TRACE o.h.t.d.s.BasicExtractor [http-nio-9090-exec-9] extracted value ([updated_4_4_] : [DATE]) - [null]
2021-07-12 15:22:47,260 TRACE o.h.t.d.s.BasicExtractor [http-nio-9090-exec-9] extracted value ([job_desc5_4_] : [VARCHAR]) - [Plant biologist]
2021-07-12 15:22:47,260 TRACE o.h.t.d.s.BasicExtractor [http-nio-9090-exec-9] extracted value ([id1_4_] : [INTEGER]) - [12]
2021-07-12 15:22:47,260 TRACE o.h.t.d.s.BasicExtractor [http-nio-9090-exec-9] extracted value ([created_2_4_] : [DATE]) - [2021-06-01]
2021-07-12 15:22:47,260 TRACE o.h.t.d.s.BasicExtractor [http-nio-9090-exec-9] extracted value ([is_activ3_4_] : [BOOLEAN]) - [true]
2021-07-12 15:22:47,260 TRACE o.h.t.d.s.BasicExtractor [http-nio-9090-exec-9] extracted value ([updated_4_4_] : [DATE]) - [null]
2021-07-12 15:22:47,261 TRACE o.h.t.d.s.BasicExtractor [http-nio-9090-exec-9] extracted value ([job_desc5_4_] : [VARCHAR]) - [Soil and plant scientist]
2021-07-12 15:22:47,261 TRACE o.h.t.d.s.BasicExtractor [http-nio-9090-exec-9] extracted value ([id1_4_] : [INTEGER]) - [13]
2021-07-12 15:22:47,261 TRACE o.h.t.d.s.BasicExtractor [http-nio-9090-exec-9] extracted value ([created_2_4_] : [DATE]) - [2021-06-01]
2021-07-12 15:22:47,261 TRACE o.h.t.d.s.BasicExtractor [http-nio-9090-exec-9] extracted value ([is_activ3_4_] : [BOOLEAN]) - [true]
2021-07-12 15:22:47,261 TRACE o.h.t.d.s.BasicExtractor [http-nio-9090-exec-9] extracted value ([updated_4_4_] : [DATE]) - [null]
2021-07-12 15:22:47,262 TRACE o.h.t.d.s.BasicExtractor [http-nio-9090-exec-9] extracted value ([job_desc5_4_] : [VARCHAR]) - [Beekeeper]
2021-07-12 15:22:47,262 TRACE o.h.t.d.s.BasicExtractor [http-nio-9090-exec-9] extracted value ([id1_4_] : [INTEGER]) - [14]
2021-07-12 15:22:47,262 TRACE o.h.t.d.s.BasicExtractor [http-nio-9090-exec-9] extracted value ([created_2_4_] : [DATE]) - [2021-06-01]
2021-07-12 15:22:47,262 TRACE o.h.t.d.s.BasicExtractor [http-nio-9090-exec-9] extracted value ([is_activ3_4_] : [BOOLEAN]) - [true]
2021-07-12 15:22:47,262 TRACE o.h.t.d.s.BasicExtractor [http-nio-9090-exec-9] extracted value ([updated_4_4_] : [DATE]) - [null]
2021-07-12 15:22:47,262 TRACE o.h.t.d.s.BasicExtractor [http-nio-9090-exec-9] extracted value ([job_desc5_4_] : [VARCHAR]) - [Aquatic ecologist]
2021-07-12 15:22:47,262 TRACE o.h.t.d.s.BasicExtractor [http-nio-9090-exec-9] extracted value ([id1_4_] : [INTEGER]) - [15]
2021-07-12 15:22:47,262 TRACE o.h.t.d.s.BasicExtractor [http-nio-9090-exec-9] extracted value ([created_2_4_] : [DATE]) - [2021-06-01]
2021-07-12 15:22:47,263 TRACE o.h.t.d.s.BasicExtractor [http-nio-9090-exec-9] extracted value ([is_activ3_4_] : [BOOLEAN]) - [false]
2021-07-12 15:22:47,263 TRACE o.h.t.d.s.BasicExtractor [http-nio-9090-exec-9] extracted value ([updated_4_4_] : [DATE]) - [null]
2021-07-12 15:22:47,263 TRACE o.h.t.d.s.BasicExtractor [http-nio-9090-exec-9] extracted value ([job_desc5_4_] : [VARCHAR]) - [Conservationist]
2021-07-12 15:22:47,263 TRACE o.h.t.d.s.BasicExtractor [http-nio-9090-exec-9] extracted value ([id1_4_] : [INTEGER]) - [16]
2021-07-12 15:22:47,263 TRACE o.h.t.d.s.BasicExtractor [http-nio-9090-exec-9] extracted value ([created_2_4_] : [DATE]) - [2021-06-01]
2021-07-12 15:22:47,263 TRACE o.h.t.d.s.BasicExtractor [http-nio-9090-exec-9] extracted value ([is_activ3_4_] : [BOOLEAN]) - [false]
2021-07-12 15:22:47,263 TRACE o.h.t.d.s.BasicExtractor [http-nio-9090-exec-9] extracted value ([updated_4_4_] : [DATE]) - [null]
2021-07-12 15:22:47,263 TRACE o.h.t.d.s.BasicExtractor [http-nio-9090-exec-9] extracted value ([job_desc5_4_] : [VARCHAR]) - [Information technology]
2021-07-12 15:22:47,264 TRACE o.h.t.d.s.BasicExtractor [http-nio-9090-exec-9] extracted value ([id1_4_] : [INTEGER]) - [17]
2021-07-12 15:22:47,264 TRACE o.h.t.d.s.BasicExtractor [http-nio-9090-exec-9] extracted value ([created_2_4_] : [DATE]) - [2021-06-01]
2021-07-12 15:22:47,264 TRACE o.h.t.d.s.BasicExtractor [http-nio-9090-exec-9] extracted value ([is_activ3_4_] : [BOOLEAN]) - [false]
2021-07-12 15:22:47,264 TRACE o.h.t.d.s.BasicExtractor [http-nio-9090-exec-9] extracted value ([updated_4_4_] : [DATE]) - [null]
2021-07-12 15:22:47,264 TRACE o.h.t.d.s.BasicExtractor [http-nio-9090-exec-9] extracted value ([job_desc5_4_] : [VARCHAR]) - [Engineering]
2021-07-12 15:22:47,264 TRACE o.h.t.d.s.BasicExtractor [http-nio-9090-exec-9] extracted value ([id1_4_] : [INTEGER]) - [18]
2021-07-12 15:22:47,264 TRACE o.h.t.d.s.BasicExtractor [http-nio-9090-exec-9] extracted value ([created_2_4_] : [DATE]) - [2021-06-01]
2021-07-12 15:22:47,264 TRACE o.h.t.d.s.BasicExtractor [http-nio-9090-exec-9] extracted value ([is_activ3_4_] : [BOOLEAN]) - [true]
2021-07-12 15:22:47,265 TRACE o.h.t.d.s.BasicExtractor [http-nio-9090-exec-9] extracted value ([updated_4_4_] : [DATE]) - [null]
2021-07-12 15:22:47,265 TRACE o.h.t.d.s.BasicExtractor [http-nio-9090-exec-9] extracted value ([job_desc5_4_] : [VARCHAR]) - [Zoologist]
2021-07-12 15:22:47,265 TRACE o.h.t.d.s.BasicExtractor [http-nio-9090-exec-9] extracted value ([id1_4_] : [INTEGER]) - [19]
2021-07-12 15:22:47,265 TRACE o.h.t.d.s.BasicExtractor [http-nio-9090-exec-9] extracted value ([created_2_4_] : [DATE]) - [2021-06-01]
2021-07-12 15:22:47,265 TRACE o.h.t.d.s.BasicExtractor [http-nio-9090-exec-9] extracted value ([is_activ3_4_] : [BOOLEAN]) - [true]
2021-07-12 15:22:47,265 TRACE o.h.t.d.s.BasicExtractor [http-nio-9090-exec-9] extracted value ([updated_4_4_] : [DATE]) - [null]
2021-07-12 15:22:47,265 TRACE o.h.t.d.s.BasicExtractor [http-nio-9090-exec-9] extracted value ([job_desc5_4_] : [VARCHAR]) - [Animal shelter manager]
2021-07-12 15:22:47,265 TRACE o.h.t.d.s.BasicExtractor [http-nio-9090-exec-9] extracted value ([id1_4_] : [INTEGER]) - [20]
2021-07-12 15:22:47,266 TRACE o.h.t.d.s.BasicExtractor [http-nio-9090-exec-9] extracted value ([created_2_4_] : [DATE]) - [2021-06-01]
2021-07-12 15:22:47,266 TRACE o.h.t.d.s.BasicExtractor [http-nio-9090-exec-9] extracted value ([is_activ3_4_] : [BOOLEAN]) - [true]
2021-07-12 15:22:47,266 TRACE o.h.t.d.s.BasicExtractor [http-nio-9090-exec-9] extracted value ([updated_4_4_] : [DATE]) - [null]
2021-07-12 15:22:47,266 TRACE o.h.t.d.s.BasicExtractor [http-nio-9090-exec-9] extracted value ([job_desc5_4_] : [VARCHAR]) - [Veterinary ophthalmologist]
2021-07-12 15:22:47,266 TRACE o.h.t.d.s.BasicExtractor [http-nio-9090-exec-9] extracted value ([id1_4_] : [INTEGER]) - [21]
2021-07-12 15:22:47,267 TRACE o.h.t.d.s.BasicExtractor [http-nio-9090-exec-9] extracted value ([created_2_4_] : [DATE]) - [2021-06-01]
2021-07-12 15:22:47,267 TRACE o.h.t.d.s.BasicExtractor [http-nio-9090-exec-9] extracted value ([is_activ3_4_] : [BOOLEAN]) - [false]
2021-07-12 15:22:47,268 TRACE o.h.t.d.s.BasicExtractor [http-nio-9090-exec-9] extracted value ([updated_4_4_] : [DATE]) - [null]
2021-07-12 15:22:47,268 TRACE o.h.t.d.s.BasicExtractor [http-nio-9090-exec-9] extracted value ([job_desc5_4_] : [VARCHAR]) - [Project manager]
2021-07-12 15:22:47,268 TRACE o.h.t.d.s.BasicExtractor [http-nio-9090-exec-9] extracted value ([id1_4_] : [INTEGER]) - [22]
2021-07-12 15:22:47,269 TRACE o.h.t.d.s.BasicExtractor [http-nio-9090-exec-9] extracted value ([created_2_4_] : [DATE]) - [2021-06-01]
2021-07-12 15:22:47,269 TRACE o.h.t.d.s.BasicExtractor [http-nio-9090-exec-9] extracted value ([is_activ3_4_] : [BOOLEAN]) - [false]
2021-07-12 15:22:47,269 TRACE o.h.t.d.s.BasicExtractor [http-nio-9090-exec-9] extracted value ([updated_4_4_] : [DATE]) - [null]
2021-07-12 15:22:47,269 TRACE o.h.t.d.s.BasicExtractor [http-nio-9090-exec-9] extracted value ([job_desc5_4_] : [VARCHAR]) - [Business development manager]
2021-07-12 15:22:47,269 TRACE o.h.t.d.s.BasicExtractor [http-nio-9090-exec-9] extracted value ([id1_4_] : [INTEGER]) - [23]
2021-07-12 15:22:47,270 TRACE o.h.t.d.s.BasicExtractor [http-nio-9090-exec-9] extracted value ([created_2_4_] : [DATE]) - [2021-06-01]
2021-07-12 15:22:47,270 TRACE o.h.t.d.s.BasicExtractor [http-nio-9090-exec-9] extracted value ([is_activ3_4_] : [BOOLEAN]) - [false]
2021-07-12 15:22:47,270 TRACE o.h.t.d.s.BasicExtractor [http-nio-9090-exec-9] extracted value ([updated_4_4_] : [DATE]) - [null]
2021-07-12 15:22:47,270 TRACE o.h.t.d.s.BasicExtractor [http-nio-9090-exec-9] extracted value ([job_desc5_4_] : [VARCHAR]) - [Makeup artist]
2021-07-12 15:22:47,270 TRACE o.h.t.d.s.BasicExtractor [http-nio-9090-exec-9] extracted value ([id1_4_] : [INTEGER]) - [24]
2021-07-12 15:22:47,271 TRACE o.h.t.d.s.BasicExtractor [http-nio-9090-exec-9] extracted value ([created_2_4_] : [DATE]) - [2021-06-01]
2021-07-12 15:22:47,271 TRACE o.h.t.d.s.BasicExtractor [http-nio-9090-exec-9] extracted value ([is_activ3_4_] : [BOOLEAN]) - [false]
2021-07-12 15:22:47,271 TRACE o.h.t.d.s.BasicExtractor [http-nio-9090-exec-9] extracted value ([updated_4_4_] : [DATE]) - [null]
2021-07-12 15:22:47,271 TRACE o.h.t.d.s.BasicExtractor [http-nio-9090-exec-9] extracted value ([job_desc5_4_] : [VARCHAR]) - [Nail technician]
2021-07-12 15:22:47,271 TRACE o.h.t.d.s.BasicExtractor [http-nio-9090-exec-9] extracted value ([id1_4_] : [INTEGER]) - [25]
2021-07-12 15:22:47,272 TRACE o.h.t.d.s.BasicExtractor [http-nio-9090-exec-9] extracted value ([created_2_4_] : [DATE]) - [2021-06-01]
2021-07-12 15:22:47,272 TRACE o.h.t.d.s.BasicExtractor [http-nio-9090-exec-9] extracted value ([is_activ3_4_] : [BOOLEAN]) - [true]
2021-07-12 15:22:47,272 TRACE o.h.t.d.s.BasicExtractor [http-nio-9090-exec-9] extracted value ([updated_4_4_] : [DATE]) - [null]
2021-07-12 15:22:47,272 TRACE o.h.t.d.s.BasicExtractor [http-nio-9090-exec-9] extracted value ([job_desc5_4_] : [VARCHAR]) - [Wedding stylist]
2021-07-12 15:22:47,272 TRACE o.h.t.d.s.BasicExtractor [http-nio-9090-exec-9] extracted value ([id1_4_] : [INTEGER]) - [26]
2021-07-12 15:22:47,272 TRACE o.h.t.d.s.BasicExtractor [http-nio-9090-exec-9] extracted value ([created_2_4_] : [DATE]) - [2021-06-01]
2021-07-12 15:22:47,272 TRACE o.h.t.d.s.BasicExtractor [http-nio-9090-exec-9] extracted value ([is_activ3_4_] : [BOOLEAN]) - [true]
2021-07-12 15:22:47,273 TRACE o.h.t.d.s.BasicExtractor [http-nio-9090-exec-9] extracted value ([updated_4_4_] : [DATE]) - [null]
2021-07-12 15:22:47,273 TRACE o.h.t.d.s.BasicExtractor [http-nio-9090-exec-9] extracted value ([job_desc5_4_] : [VARCHAR]) - [Client services coordinator]
2021-07-12 15:22:47,273 TRACE o.h.t.d.s.BasicExtractor [http-nio-9090-exec-9] extracted value ([id1_4_] : [INTEGER]) - [27]
2021-07-12 15:22:47,274 TRACE o.h.t.d.s.BasicExtractor [http-nio-9090-exec-9] extracted value ([created_2_4_] : [DATE]) - [2021-06-01]
2021-07-12 15:22:47,274 TRACE o.h.t.d.s.BasicExtractor [http-nio-9090-exec-9] extracted value ([is_activ3_4_] : [BOOLEAN]) - [true]
2021-07-12 15:22:47,274 TRACE o.h.t.d.s.BasicExtractor [http-nio-9090-exec-9] extracted value ([updated_4_4_] : [DATE]) - [null]
2021-07-12 15:22:47,274 TRACE o.h.t.d.s.BasicExtractor [http-nio-9090-exec-9] extracted value ([job_desc5_4_] : [VARCHAR]) - [Customer care associate]
2021-07-12 15:22:47,274 TRACE o.h.t.d.s.BasicExtractor [http-nio-9090-exec-9] extracted value ([id1_4_] : [INTEGER]) - [28]
2021-07-12 15:22:47,274 TRACE o.h.t.d.s.BasicExtractor [http-nio-9090-exec-9] extracted value ([created_2_4_] : [DATE]) - [2021-06-01]
2021-07-12 15:22:47,274 TRACE o.h.t.d.s.BasicExtractor [http-nio-9090-exec-9] extracted value ([is_activ3_4_] : [BOOLEAN]) - [true]
2021-07-12 15:22:47,274 TRACE o.h.t.d.s.BasicExtractor [http-nio-9090-exec-9] extracted value ([updated_4_4_] : [DATE]) - [null]
2021-07-12 15:22:47,275 TRACE o.h.t.d.s.BasicExtractor [http-nio-9090-exec-9] extracted value ([job_desc5_4_] : [VARCHAR]) - [Graphic designer]
2021-07-12 15:22:47,275 TRACE o.h.t.d.s.BasicExtractor [http-nio-9090-exec-9] extracted value ([id1_4_] : [INTEGER]) - [29]
2021-07-12 15:22:47,275 TRACE o.h.t.d.s.BasicExtractor [http-nio-9090-exec-9] extracted value ([created_2_4_] : [DATE]) - [2021-06-01]
2021-07-12 15:22:47,275 TRACE o.h.t.d.s.BasicExtractor [http-nio-9090-exec-9] extracted value ([is_activ3_4_] : [BOOLEAN]) - [true]
2021-07-12 15:22:47,275 TRACE o.h.t.d.s.BasicExtractor [http-nio-9090-exec-9] extracted value ([updated_4_4_] : [DATE]) - [null]
2021-07-12 15:22:47,275 TRACE o.h.t.d.s.BasicExtractor [http-nio-9090-exec-9] extracted value ([job_desc5_4_] : [VARCHAR]) - [Public relations specialist]
2021-07-12 15:22:47,275 TRACE o.h.t.d.s.BasicExtractor [http-nio-9090-exec-9] extracted value ([id1_4_] : [INTEGER]) - [30]
2021-07-12 15:22:47,275 TRACE o.h.t.d.s.BasicExtractor [http-nio-9090-exec-9] extracted value ([created_2_4_] : [DATE]) - [2021-06-01]
2021-07-12 15:22:47,275 TRACE o.h.t.d.s.BasicExtractor [http-nio-9090-exec-9] extracted value ([is_activ3_4_] : [BOOLEAN]) - [true]
2021-07-12 15:22:47,276 TRACE o.h.t.d.s.BasicExtractor [http-nio-9090-exec-9] extracted value ([updated_4_4_] : [DATE]) - [null]
2021-07-12 15:22:47,276 TRACE o.h.t.d.s.BasicExtractor [http-nio-9090-exec-9] extracted value ([job_desc5_4_] : [VARCHAR]) - [English teacher]
2021-07-12 15:22:47,276 TRACE o.h.t.d.s.BasicExtractor [http-nio-9090-exec-9] extracted value ([id1_4_] : [INTEGER]) - [31]
2021-07-12 15:22:47,276 TRACE o.h.t.d.s.BasicExtractor [http-nio-9090-exec-9] extracted value ([created_2_4_] : [DATE]) - [2021-06-01]
2021-07-12 15:22:47,276 TRACE o.h.t.d.s.BasicExtractor [http-nio-9090-exec-9] extracted value ([is_activ3_4_] : [BOOLEAN]) - [true]
2021-07-12 15:22:47,277 TRACE o.h.t.d.s.BasicExtractor [http-nio-9090-exec-9] extracted value ([updated_4_4_] : [DATE]) - [null]
2021-07-12 15:22:47,277 TRACE o.h.t.d.s.BasicExtractor [http-nio-9090-exec-9] extracted value ([job_desc5_4_] : [VARCHAR]) - [Librarian]
2021-07-12 15:22:47,277 TRACE o.h.t.d.s.BasicExtractor [http-nio-9090-exec-9] extracted value ([id1_4_] : [INTEGER]) - [32]
2021-07-12 15:22:47,277 TRACE o.h.t.d.s.BasicExtractor [http-nio-9090-exec-9] extracted value ([created_2_4_] : [DATE]) - [2021-06-01]
2021-07-12 15:22:47,277 TRACE o.h.t.d.s.BasicExtractor [http-nio-9090-exec-9] extracted value ([is_activ3_4_] : [BOOLEAN]) - [true]
2021-07-12 15:22:47,277 TRACE o.h.t.d.s.BasicExtractor [http-nio-9090-exec-9] extracted value ([updated_4_4_] : [DATE]) - [null]
2021-07-12 15:22:47,277 TRACE o.h.t.d.s.BasicExtractor [http-nio-9090-exec-9] extracted value ([job_desc5_4_] : [VARCHAR]) - [Mechanical engineer]
2021-07-12 15:22:47,277 TRACE o.h.t.d.s.BasicExtractor [http-nio-9090-exec-9] extracted value ([id1_4_] : [INTEGER]) - [33]
2021-07-12 15:22:47,277 TRACE o.h.t.d.s.BasicExtractor [http-nio-9090-exec-9] extracted value ([created_2_4_] : [DATE]) - [2021-06-01]
2021-07-12 15:22:47,278 TRACE o.h.t.d.s.BasicExtractor [http-nio-9090-exec-9] extracted value ([is_activ3_4_] : [BOOLEAN]) - [true]
2021-07-12 15:22:47,278 TRACE o.h.t.d.s.BasicExtractor [http-nio-9090-exec-9] extracted value ([updated_4_4_] : [DATE]) - [null]
2021-07-12 15:22:47,278 TRACE o.h.t.d.s.BasicExtractor [http-nio-9090-exec-9] extracted value ([job_desc5_4_] : [VARCHAR]) - [Environmental engineer]
2021-07-12 15:22:47,278 TRACE o.h.t.d.s.BasicExtractor [http-nio-9090-exec-9] extracted value ([id1_4_] : [INTEGER]) - [34]
2021-07-12 15:22:47,278 TRACE o.h.t.d.s.BasicExtractor [http-nio-9090-exec-9] extracted value ([created_2_4_] : [DATE]) - [2021-06-01]
2021-07-12 15:22:47,278 TRACE o.h.t.d.s.BasicExtractor [http-nio-9090-exec-9] extracted value ([is_activ3_4_] : [BOOLEAN]) - [true]
2021-07-12 15:22:47,278 TRACE o.h.t.d.s.BasicExtractor [http-nio-9090-exec-9] extracted value ([updated_4_4_] : [DATE]) - [null]
2021-07-12 15:22:47,278 TRACE o.h.t.d.s.BasicExtractor [http-nio-9090-exec-9] extracted value ([job_desc5_4_] : [VARCHAR]) - [Product engineer]
2021-07-12 15:22:47,278 TRACE o.h.t.d.s.BasicExtractor [http-nio-9090-exec-9] extracted value ([id1_4_] : [INTEGER]) - [35]
2021-07-12 15:22:47,278 TRACE o.h.t.d.s.BasicExtractor [http-nio-9090-exec-9] extracted value ([created_2_4_] : [DATE]) - [2021-06-01]
2021-07-12 15:22:47,279 TRACE o.h.t.d.s.BasicExtractor [http-nio-9090-exec-9] extracted value ([is_activ3_4_] : [BOOLEAN]) - [true]
2021-07-12 15:22:47,279 TRACE o.h.t.d.s.BasicExtractor [http-nio-9090-exec-9] extracted value ([updated_4_4_] : [DATE]) - [null]
2021-07-12 15:22:47,279 TRACE o.h.t.d.s.BasicExtractor [http-nio-9090-exec-9] extracted value ([job_desc5_4_] : [VARCHAR]) - [Financial planner]
2021-07-12 15:22:47,279 TRACE o.h.t.d.s.BasicExtractor [http-nio-9090-exec-9] extracted value ([id1_4_] : [INTEGER]) - [36]
2021-07-12 15:22:47,279 TRACE o.h.t.d.s.BasicExtractor [http-nio-9090-exec-9] extracted value ([created_2_4_] : [DATE]) - [2021-06-01]
2021-07-12 15:22:47,279 TRACE o.h.t.d.s.BasicExtractor [http-nio-9090-exec-9] extracted value ([is_activ3_4_] : [BOOLEAN]) - [true]
2021-07-12 15:22:47,279 TRACE o.h.t.d.s.BasicExtractor [http-nio-9090-exec-9] extracted value ([updated_4_4_] : [DATE]) - [null]
2021-07-12 15:22:47,279 TRACE o.h.t.d.s.BasicExtractor [http-nio-9090-exec-9] extracted value ([job_desc5_4_] : [VARCHAR]) - [Financial services representative]
2021-07-12 15:22:47,279 TRACE o.h.t.d.s.BasicExtractor [http-nio-9090-exec-9] extracted value ([id1_4_] : [INTEGER]) - [37]
2021-07-12 15:22:47,279 TRACE o.h.t.d.s.BasicExtractor [http-nio-9090-exec-9] extracted value ([created_2_4_] : [DATE]) - [2021-06-01]
2021-07-12 15:22:47,279 TRACE o.h.t.d.s.BasicExtractor [http-nio-9090-exec-9] extracted value ([is_activ3_4_] : [BOOLEAN]) - [true]
2021-07-12 15:22:47,280 TRACE o.h.t.d.s.BasicExtractor [http-nio-9090-exec-9] extracted value ([updated_4_4_] : [DATE]) - [null]
2021-07-12 15:22:47,280 TRACE o.h.t.d.s.BasicExtractor [http-nio-9090-exec-9] extracted value ([job_desc5_4_] : [VARCHAR]) - [Nurse]
2021-07-12 15:22:47,280 TRACE o.h.t.d.s.BasicExtractor [http-nio-9090-exec-9] extracted value ([id1_4_] : [INTEGER]) - [38]
2021-07-12 15:22:47,280 TRACE o.h.t.d.s.BasicExtractor [http-nio-9090-exec-9] extracted value ([created_2_4_] : [DATE]) - [2021-06-01]
2021-07-12 15:22:47,280 TRACE o.h.t.d.s.BasicExtractor [http-nio-9090-exec-9] extracted value ([is_activ3_4_] : [BOOLEAN]) - [true]
2021-07-12 15:22:47,280 TRACE o.h.t.d.s.BasicExtractor [http-nio-9090-exec-9] extracted value ([updated_4_4_] : [DATE]) - [null]
2021-07-12 15:22:47,280 TRACE o.h.t.d.s.BasicExtractor [http-nio-9090-exec-9] extracted value ([job_desc5_4_] : [VARCHAR]) - [Doctor]
2021-07-12 15:22:47,280 TRACE o.h.t.d.s.BasicExtractor [http-nio-9090-exec-9] extracted value ([id1_4_] : [INTEGER]) - [39]
2021-07-12 15:22:47,281 TRACE o.h.t.d.s.BasicExtractor [http-nio-9090-exec-9] extracted value ([created_2_4_] : [DATE]) - [2021-06-01]
2021-07-12 15:22:47,281 TRACE o.h.t.d.s.BasicExtractor [http-nio-9090-exec-9] extracted value ([is_activ3_4_] : [BOOLEAN]) - [true]
2021-07-12 15:22:47,281 TRACE o.h.t.d.s.BasicExtractor [http-nio-9090-exec-9] extracted value ([updated_4_4_] : [DATE]) - [null]
2021-07-12 15:22:47,281 TRACE o.h.t.d.s.BasicExtractor [http-nio-9090-exec-9] extracted value ([job_desc5_4_] : [VARCHAR]) - [Occupational therapy aide]
2021-07-12 15:22:47,281 TRACE o.h.t.d.s.BasicExtractor [http-nio-9090-exec-9] extracted value ([id1_4_] : [INTEGER]) - [40]
2021-07-12 15:22:47,281 TRACE o.h.t.d.s.BasicExtractor [http-nio-9090-exec-9] extracted value ([created_2_4_] : [DATE]) - [2021-06-01]
2021-07-12 15:22:47,281 TRACE o.h.t.d.s.BasicExtractor [http-nio-9090-exec-9] extracted value ([is_activ3_4_] : [BOOLEAN]) - [false]
2021-07-12 15:22:47,281 TRACE o.h.t.d.s.BasicExtractor [http-nio-9090-exec-9] extracted value ([updated_4_4_] : [DATE]) - [null]
2021-07-12 15:22:47,281 TRACE o.h.t.d.s.BasicExtractor [http-nio-9090-exec-9] extracted value ([job_desc5_4_] : [VARCHAR]) - [Housekeeper]
2021-07-12 15:22:47,282 TRACE o.h.t.d.s.BasicExtractor [http-nio-9090-exec-9] extracted value ([id1_4_] : [INTEGER]) - [41]
2021-07-12 15:22:47,282 TRACE o.h.t.d.s.BasicExtractor [http-nio-9090-exec-9] extracted value ([created_2_4_] : [DATE]) - [2021-06-01]
2021-07-12 15:22:47,282 TRACE o.h.t.d.s.BasicExtractor [http-nio-9090-exec-9] extracted value ([is_activ3_4_] : [BOOLEAN]) - [false]
2021-07-12 15:22:47,282 TRACE o.h.t.d.s.BasicExtractor [http-nio-9090-exec-9] extracted value ([updated_4_4_] : [DATE]) - [null]
2021-07-12 15:22:47,282 TRACE o.h.t.d.s.BasicExtractor [http-nio-9090-exec-9] extracted value ([job_desc5_4_] : [VARCHAR]) - [Executive chef]
2021-07-12 15:22:47,283 TRACE o.h.t.d.s.BasicExtractor [http-nio-9090-exec-9] extracted value ([id1_4_] : [INTEGER]) - [42]
2021-07-12 15:22:47,283 TRACE o.h.t.d.s.BasicExtractor [http-nio-9090-exec-9] extracted value ([created_2_4_] : [DATE]) - [2021-06-01]
2021-07-12 15:22:47,283 TRACE o.h.t.d.s.BasicExtractor [http-nio-9090-exec-9] extracted value ([is_activ3_4_] : [BOOLEAN]) - [false]
2021-07-12 15:22:47,283 TRACE o.h.t.d.s.BasicExtractor [http-nio-9090-exec-9] extracted value ([updated_4_4_] : [DATE]) - [null]
2021-07-12 15:22:47,283 TRACE o.h.t.d.s.BasicExtractor [http-nio-9090-exec-9] extracted value ([job_desc5_4_] : [VARCHAR]) - [Event manager]
2021-07-12 15:22:47,283 TRACE o.h.t.d.s.BasicExtractor [http-nio-9090-exec-9] extracted value ([id1_4_] : [INTEGER]) - [43]
2021-07-12 15:22:47,284 TRACE o.h.t.d.s.BasicExtractor [http-nio-9090-exec-9] extracted value ([created_2_4_] : [DATE]) - [2021-06-01]
2021-07-12 15:22:47,284 TRACE o.h.t.d.s.BasicExtractor [http-nio-9090-exec-9] extracted value ([is_activ3_4_] : [BOOLEAN]) - [false]
2021-07-12 15:22:47,285 TRACE o.h.t.d.s.BasicExtractor [http-nio-9090-exec-9] extracted value ([updated_4_4_] : [DATE]) - [null]
2021-07-12 15:22:47,285 TRACE o.h.t.d.s.BasicExtractor [http-nio-9090-exec-9] extracted value ([job_desc5_4_] : [VARCHAR]) - [Human resources manager]
2021-07-12 15:22:47,285 TRACE o.h.t.d.s.BasicExtractor [http-nio-9090-exec-9] extracted value ([id1_4_] : [INTEGER]) - [44]
2021-07-12 15:22:47,285 TRACE o.h.t.d.s.BasicExtractor [http-nio-9090-exec-9] extracted value ([created_2_4_] : [DATE]) - [2021-06-01]
2021-07-12 15:22:47,285 TRACE o.h.t.d.s.BasicExtractor [http-nio-9090-exec-9] extracted value ([is_activ3_4_] : [BOOLEAN]) - [true]
2021-07-12 15:22:47,285 TRACE o.h.t.d.s.BasicExtractor [http-nio-9090-exec-9] extracted value ([updated_4_4_] : [DATE]) - [null]
2021-07-12 15:22:47,285 TRACE o.h.t.d.s.BasicExtractor [http-nio-9090-exec-9] extracted value ([job_desc5_4_] : [VARCHAR]) - [International human resources associate]
2021-07-12 15:22:47,286 TRACE o.h.t.d.s.BasicExtractor [http-nio-9090-exec-9] extracted value ([id1_4_] : [INTEGER]) - [45]
2021-07-12 15:22:47,286 TRACE o.h.t.d.s.BasicExtractor [http-nio-9090-exec-9] extracted value ([created_2_4_] : [DATE]) - [2021-06-01]
2021-07-12 15:22:47,286 TRACE o.h.t.d.s.BasicExtractor [http-nio-9090-exec-9] extracted value ([is_activ3_4_] : [BOOLEAN]) - [true]
2021-07-12 15:22:47,286 TRACE o.h.t.d.s.BasicExtractor [http-nio-9090-exec-9] extracted value ([updated_4_4_] : [DATE]) - [null]
2021-07-12 15:22:47,286 TRACE o.h.t.d.s.BasicExtractor [http-nio-9090-exec-9] extracted value ([job_desc5_4_] : [VARCHAR]) - [Training and development manager]
2021-07-12 15:22:47,286 TRACE o.h.t.d.s.BasicExtractor [http-nio-9090-exec-9] extracted value ([id1_4_] : [INTEGER]) - [49]
2021-07-12 15:22:47,287 TRACE o.h.t.d.s.BasicExtractor [http-nio-9090-exec-9] extracted value ([created_2_4_] : [DATE]) - [2021-06-01]
2021-07-12 15:22:47,287 TRACE o.h.t.d.s.BasicExtractor [http-nio-9090-exec-9] extracted value ([is_activ3_4_] : [BOOLEAN]) - [false]
2021-07-12 15:22:47,287 TRACE o.h.t.d.s.BasicExtractor [http-nio-9090-exec-9] extracted value ([updated_4_4_] : [DATE]) - [null]
2021-07-12 15:22:47,287 TRACE o.h.t.d.s.BasicExtractor [http-nio-9090-exec-9] extracted value ([job_desc5_4_] : [VARCHAR]) - [Web administrator]
2021-07-12 15:22:47,287 TRACE o.h.t.d.s.BasicExtractor [http-nio-9090-exec-9] extracted value ([id1_4_] : [INTEGER]) - [50]
2021-07-12 15:22:47,287 TRACE o.h.t.d.s.BasicExtractor [http-nio-9090-exec-9] extracted value ([created_2_4_] : [DATE]) - [2021-06-01]
2021-07-12 15:22:47,288 TRACE o.h.t.d.s.BasicExtractor [http-nio-9090-exec-9] extracted value ([is_activ3_4_] : [BOOLEAN]) - [false]
2021-07-12 15:22:47,288 TRACE o.h.t.d.s.BasicExtractor [http-nio-9090-exec-9] extracted value ([updated_4_4_] : [DATE]) - [null]
2021-07-12 15:22:47,288 TRACE o.h.t.d.s.BasicExtractor [http-nio-9090-exec-9] extracted value ([job_desc5_4_] : [VARCHAR]) - [Software Developer]
2021-07-12 15:22:47,288 TRACE o.h.t.d.s.BasicExtractor [http-nio-9090-exec-9] extracted value ([id1_4_] : [INTEGER]) - [51]
2021-07-12 15:22:47,288 TRACE o.h.t.d.s.BasicExtractor [http-nio-9090-exec-9] extracted value ([created_2_4_] : [DATE]) - [2021-06-01]
2021-07-12 15:22:47,288 TRACE o.h.t.d.s.BasicExtractor [http-nio-9090-exec-9] extracted value ([is_activ3_4_] : [BOOLEAN]) - [true]
2021-07-12 15:22:47,288 TRACE o.h.t.d.s.BasicExtractor [http-nio-9090-exec-9] extracted value ([updated_4_4_] : [DATE]) - [null]
2021-07-12 15:22:47,288 TRACE o.h.t.d.s.BasicExtractor [http-nio-9090-exec-9] extracted value ([job_desc5_4_] : [VARCHAR]) - [Mobile application developer]
2021-07-12 15:22:47,288 TRACE o.h.t.d.s.BasicExtractor [http-nio-9090-exec-9] extracted value ([id1_4_] : [INTEGER]) - [52]
2021-07-12 15:22:47,289 TRACE o.h.t.d.s.BasicExtractor [http-nio-9090-exec-9] extracted value ([created_2_4_] : [DATE]) - [2021-06-03]
2021-07-12 15:22:47,289 TRACE o.h.t.d.s.BasicExtractor [http-nio-9090-exec-9] extracted value ([is_activ3_4_] : [BOOLEAN]) - [true]
2021-07-12 15:22:47,289 TRACE o.h.t.d.s.BasicExtractor [http-nio-9090-exec-9] extracted value ([updated_4_4_] : [DATE]) - [null]
2021-07-12 15:22:47,289 TRACE o.h.t.d.s.BasicExtractor [http-nio-9090-exec-9] extracted value ([job_desc5_4_] : [VARCHAR]) - [Testin]
2021-07-12 15:22:47,289 TRACE o.h.t.d.s.BasicExtractor [http-nio-9090-exec-9] extracted value ([id1_4_] : [INTEGER]) - [54]
2021-07-12 15:22:47,289 TRACE o.h.t.d.s.BasicExtractor [http-nio-9090-exec-9] extracted value ([created_2_4_] : [DATE]) - [2021-06-04]
2021-07-12 15:22:47,289 TRACE o.h.t.d.s.BasicExtractor [http-nio-9090-exec-9] extracted value ([is_activ3_4_] : [BOOLEAN]) - [true]
2021-07-12 15:22:47,289 TRACE o.h.t.d.s.BasicExtractor [http-nio-9090-exec-9] extracted value ([updated_4_4_] : [DATE]) - [null]
2021-07-12 15:22:47,290 TRACE o.h.t.d.s.BasicExtractor [http-nio-9090-exec-9] extracted value ([job_desc5_4_] : [VARCHAR]) - [Treasury Analyst]
2021-07-12 15:22:47,290 TRACE o.h.t.d.s.BasicExtractor [http-nio-9090-exec-9] extracted value ([id1_4_] : [INTEGER]) - [59]
2021-07-12 15:22:47,290 TRACE o.h.t.d.s.BasicExtractor [http-nio-9090-exec-9] extracted value ([created_2_4_] : [DATE]) - [2021-06-04]
2021-07-12 15:22:47,290 TRACE o.h.t.d.s.BasicExtractor [http-nio-9090-exec-9] extracted value ([is_activ3_4_] : [BOOLEAN]) - [true]
2021-07-12 15:22:47,290 TRACE o.h.t.d.s.BasicExtractor [http-nio-9090-exec-9] extracted value ([updated_4_4_] : [DATE]) - [null]
2021-07-12 15:22:47,290 TRACE o.h.t.d.s.BasicExtractor [http-nio-9090-exec-9] extracted value ([job_desc5_4_] : [VARCHAR]) - [Information Specialist]
2021-07-12 15:22:47,290 TRACE o.h.t.d.s.BasicExtractor [http-nio-9090-exec-9] extracted value ([id1_4_] : [INTEGER]) - [62]
2021-07-12 15:22:47,291 TRACE o.h.t.d.s.BasicExtractor [http-nio-9090-exec-9] extracted value ([created_2_4_] : [DATE]) - [2021-06-08]
2021-07-12 15:22:47,291 TRACE o.h.t.d.s.BasicExtractor [http-nio-9090-exec-9] extracted value ([is_activ3_4_] : [BOOLEAN]) - [true]
2021-07-12 15:22:47,291 TRACE o.h.t.d.s.BasicExtractor [http-nio-9090-exec-9] extracted value ([updated_4_4_] : [DATE]) - [null]
2021-07-12 15:22:47,291 TRACE o.h.t.d.s.BasicExtractor [http-nio-9090-exec-9] extracted value ([job_desc5_4_] : [VARCHAR]) - [Mathematics]
2021-07-12 15:22:47,291 TRACE o.h.t.d.s.BasicExtractor [http-nio-9090-exec-9] extracted value ([id1_4_] : [INTEGER]) - [63]
2021-07-12 15:22:47,291 TRACE o.h.t.d.s.BasicExtractor [http-nio-9090-exec-9] extracted value ([created_2_4_] : [DATE]) - [2021-06-23]
2021-07-12 15:22:47,291 TRACE o.h.t.d.s.BasicExtractor [http-nio-9090-exec-9] extracted value ([is_activ3_4_] : [BOOLEAN]) - [true]
2021-07-12 15:22:47,291 TRACE o.h.t.d.s.BasicExtractor [http-nio-9090-exec-9] extracted value ([updated_4_4_] : [DATE]) - [null]
2021-07-12 15:22:47,291 TRACE o.h.t.d.s.BasicExtractor [http-nio-9090-exec-9] extracted value ([job_desc5_4_] : [VARCHAR]) - [Software Developer]
2021-07-12 15:24:45,433 TRACE o.h.t.s.TypeConfiguration$Scope [Thread-39] Handling #sessionFactoryClosed from [org.hibernate.internal.SessionFactoryImpl@67c5db8f] for TypeConfiguration
2021-07-12 15:24:45,433 DEBUG o.h.t.s.TypeConfiguration$Scope [Thread-39] Un-scoping TypeConfiguration [org.hibernate.type.spi.TypeConfiguration$Scope@6937e28a] from SessionFactory [org.hibernate.internal.SessionFactoryImpl@67c5db8f]
2021-07-12 15:24:45,648 INFO c.c.h.HrmsApplication [restartedMain] Starting HrmsApplication using Java 16.0.1 on ELXAN-PC with PID 14876 (D:\Workspace\java-camp\hrms\target\classes started by Elxan in D:\Workspace\java-camp\hrms)
2021-07-12 15:24:45,649 DEBUG c.c.h.HrmsApplication [restartedMain] Running with Spring Boot v2.5.0, Spring v5.3.7
2021-07-12 15:24:45,649 INFO c.c.h.HrmsApplication [restartedMain] No active profile set, falling back to default profiles: default
2021-07-12 15:24:49,844 INFO c.c.h.HrmsApplication [restartedMain] Starting HrmsApplication using Java 16.0.1 on ELXAN-PC with PID 14876 (D:\Workspace\java-camp\hrms\target\classes started by Elxan in D:\Workspace\java-camp\hrms)
2021-07-12 15:24:49,844 DEBUG c.c.h.HrmsApplication [restartedMain] Running with Spring Boot v2.5.0, Spring v5.3.7
2021-07-12 15:24:49,845 INFO c.c.h.HrmsApplication [restartedMain] No active profile set, falling back to default profiles: default
2021-07-12 15:24:51,373 DEBUG o.h.t.BasicTypeRegistry [restartedMain] Adding type registration boolean -> org.hibernate.type.BooleanType@5f448947
2021-07-12 15:24:51,374 DEBUG o.h.t.BasicTypeRegistry [restartedMain] Adding type registration boolean -> org.hibernate.type.BooleanType@5f448947
2021-07-12 15:24:51,374 DEBUG o.h.t.BasicTypeRegistry [restartedMain] Adding type registration java.lang.Boolean -> org.hibernate.type.BooleanType@5f448947
2021-07-12 15:24:51,374 DEBUG o.h.t.BasicTypeRegistry [restartedMain] Adding type registration numeric_boolean -> org.hibernate.type.NumericBooleanType@e7de3f7
2021-07-12 15:24:51,374 DEBUG o.h.t.BasicTypeRegistry [restartedMain] Adding type registration true_false -> org.hibernate.type.TrueFalseType@4a9cc66d
2021-07-12 15:24:51,374 DEBUG o.h.t.BasicTypeRegistry [restartedMain] Adding type registration yes_no -> org.hibernate.type.YesNoType@637f7292
2021-07-12 15:24:51,374 DEBUG o.h.t.BasicTypeRegistry [restartedMain] Adding type registration byte -> org.hibernate.type.ByteType@4dba6986
2021-07-12 15:24:51,374 DEBUG o.h.t.BasicTypeRegistry [restartedMain] Adding type registration byte -> org.hibernate.type.ByteType@4dba6986
2021-07-12 15:24:51,375 DEBUG o.h.t.BasicTypeRegistry [restartedMain] Adding type registration java.lang.Byte -> org.hibernate.type.ByteType@4dba6986
2021-07-12 15:24:51,375 DEBUG o.h.t.BasicTypeRegistry [restartedMain] Adding type registration character -> org.hibernate.type.CharacterType@16617f19
2021-07-12 15:24:51,375 DEBUG o.h.t.BasicTypeRegistry [restartedMain] Adding type registration char -> org.hibernate.type.CharacterType@16617f19
2021-07-12 15:24:51,375 DEBUG o.h.t.BasicTypeRegistry [restartedMain] Adding type registration java.lang.Character -> org.hibernate.type.CharacterType@16617f19
2021-07-12 15:24:51,375 DEBUG o.h.t.BasicTypeRegistry [restartedMain] Adding type registration short -> org.hibernate.type.ShortType@4c452418
2021-07-12 15:24:51,375 DEBUG o.h.t.BasicTypeRegistry [restartedMain] Adding type registration short -> org.hibernate.type.ShortType@4c452418
2021-07-12 15:24:51,375 DEBUG o.h.t.BasicTypeRegistry [restartedMain] Adding type registration java.lang.Short -> org.hibernate.type.ShortType@4c452418
2021-07-12 15:24:51,375 DEBUG o.h.t.BasicTypeRegistry [restartedMain] Adding type registration integer -> org.hibernate.type.IntegerType@2fe4b443
2021-07-12 15:24:51,375 DEBUG o.h.t.BasicTypeRegistry [restartedMain] Adding type registration int -> org.hibernate.type.IntegerType@2fe4b443
2021-07-12 15:24:51,376 DEBUG o.h.t.BasicTypeRegistry [restartedMain] Adding type registration java.lang.Integer -> org.hibernate.type.IntegerType@2fe4b443
2021-07-12 15:24:51,376 DEBUG o.h.t.BasicTypeRegistry [restartedMain] Adding type registration long -> org.hibernate.type.LongType@68ccfe12
2021-07-12 15:24:51,376 DEBUG o.h.t.BasicTypeRegistry [restartedMain] Adding type registration long -> org.hibernate.type.LongType@68ccfe12
2021-07-12 15:24:51,376 DEBUG o.h.t.BasicTypeRegistry [restartedMain] Adding type registration java.lang.Long -> org.hibernate.type.LongType@68ccfe12
2021-07-12 15:24:51,376 DEBUG o.h.t.BasicTypeRegistry [restartedMain] Adding type registration float -> org.hibernate.type.FloatType@6a9a1647
2021-07-12 15:24:51,376 DEBUG o.h.t.BasicTypeRegistry [restartedMain] Adding type registration float -> org.hibernate.type.FloatType@6a9a1647
2021-07-12 15:24:51,376 DEBUG o.h.t.BasicTypeRegistry [restartedMain] Adding type registration java.lang.Float -> org.hibernate.type.FloatType@6a9a1647
2021-07-12 15:24:51,376 DEBUG o.h.t.BasicTypeRegistry [restartedMain] Adding type registration double -> org.hibernate.type.DoubleType@5fda6451
2021-07-12 15:24:51,376 DEBUG o.h.t.BasicTypeRegistry [restartedMain] Adding type registration double -> org.hibernate.type.DoubleType@5fda6451
2021-07-12 15:24:51,376 DEBUG o.h.t.BasicTypeRegistry [restartedMain] Adding type registration java.lang.Double -> org.hibernate.type.DoubleType@5fda6451
2021-07-12 15:24:51,377 DEBUG o.h.t.BasicTypeRegistry [restartedMain] Adding type registration big_decimal -> org.hibernate.type.BigDecimalType@175f3b5b
2021-07-12 15:24:51,377 DEBUG o.h.t.BasicTypeRegistry [restartedMain] Adding type registration java.math.BigDecimal -> org.hibernate.type.BigDecimalType@175f3b5b
2021-07-12 15:24:51,377 DEBUG o.h.t.BasicTypeRegistry [restartedMain] Adding type registration big_integer -> org.hibernate.type.BigIntegerType@9b193b7
2021-07-12 15:24:51,377 DEBUG o.h.t.BasicTypeRegistry [restartedMain] Adding type registration java.math.BigInteger -> org.hibernate.type.BigIntegerType@9b193b7
2021-07-12 15:24:51,377 DEBUG o.h.t.BasicTypeRegistry [restartedMain] Adding type registration string -> org.hibernate.type.StringType@76cd87fd
2021-07-12 15:24:51,377 DEBUG o.h.t.BasicTypeRegistry [restartedMain] Adding type registration java.lang.String -> org.hibernate.type.StringType@76cd87fd
2021-07-12 15:24:51,377 DEBUG o.h.t.BasicTypeRegistry [restartedMain] Adding type registration nstring -> org.hibernate.type.StringNVarcharType@4bbdc518
2021-07-12 15:24:51,377 DEBUG o.h.t.BasicTypeRegistry [restartedMain] Adding type registration ncharacter -> org.hibernate.type.CharacterNCharType@414d632c
2021-07-12 15:24:51,378 DEBUG o.h.t.BasicTypeRegistry [restartedMain] Adding type registration url -> org.hibernate.type.UrlType@2fa1d93d
2021-07-12 15:24:51,378 DEBUG o.h.t.BasicTypeRegistry [restartedMain] Adding type registration java.net.URL -> org.hibernate.type.UrlType@2fa1d93d
2021-07-12 15:24:51,378 DEBUG o.h.t.BasicTypeRegistry [restartedMain] Adding type registration Duration -> org.hibernate.type.DurationType@23897cb8
2021-07-12 15:24:51,378 DEBUG o.h.t.BasicTypeRegistry [restartedMain] Adding type registration java.time.Duration -> org.hibernate.type.DurationType@23897cb8
2021-07-12 15:24:51,378 DEBUG o.h.t.BasicTypeRegistry [restartedMain] Adding type registration Instant -> org.hibernate.type.InstantType@3376ee0b
2021-07-12 15:24:51,378 DEBUG o.h.t.BasicTypeRegistry [restartedMain] Adding type registration java.time.Instant -> org.hibernate.type.InstantType@3376ee0b
2021-07-12 15:24:51,378 DEBUG o.h.t.BasicTypeRegistry [restartedMain] Adding type registration LocalDateTime -> org.hibernate.type.LocalDateTimeType@637e6d02
2021-07-12 15:24:51,378 DEBUG o.h.t.BasicTypeRegistry [restartedMain] Adding type registration java.time.LocalDateTime -> org.hibernate.type.LocalDateTimeType@637e6d02
2021-07-12 15:24:51,378 DEBUG o.h.t.BasicTypeRegistry [restartedMain] Adding type registration LocalDate -> org.hibernate.type.LocalDateType@27a40e05
2021-07-12 15:24:51,378 DEBUG o.h.t.BasicTypeRegistry [restartedMain] Adding type registration java.time.LocalDate -> org.hibernate.type.LocalDateType@27a40e05
2021-07-12 15:24:51,379 DEBUG o.h.t.BasicTypeRegistry [restartedMain] Adding type registration LocalTime -> org.hibernate.type.LocalTimeType@472c4ad2
2021-07-12 15:24:51,379 DEBUG o.h.t.BasicTypeRegistry [restartedMain] Adding type registration java.time.LocalTime -> org.hibernate.type.LocalTimeType@472c4ad2
2021-07-12 15:24:51,379 DEBUG o.h.t.BasicTypeRegistry [restartedMain] Adding type registration OffsetDateTime -> org.hibernate.type.OffsetDateTimeType@4bd2c7e9
2021-07-12 15:24:51,379 DEBUG o.h.t.BasicTypeRegistry [restartedMain] Adding type registration java.time.OffsetDateTime -> org.hibernate.type.OffsetDateTimeType@4bd2c7e9
2021-07-12 15:24:51,379 DEBUG o.h.t.BasicTypeRegistry [restartedMain] Adding type registration OffsetTime -> org.hibernate.type.OffsetTimeType@24ae2d74
2021-07-12 15:24:51,379 DEBUG o.h.t.BasicTypeRegistry [restartedMain] Adding type registration java.time.OffsetTime -> org.hibernate.type.OffsetTimeType@24ae2d74
2021-07-12 15:24:51,379 DEBUG o.h.t.BasicTypeRegistry [restartedMain] Adding type registration ZonedDateTime -> org.hibernate.type.ZonedDateTimeType@e66e1
2021-07-12 15:24:51,379 DEBUG o.h.t.BasicTypeRegistry [restartedMain] Adding type registration java.time.ZonedDateTime -> org.hibernate.type.ZonedDateTimeType@e66e1
2021-07-12 15:24:51,379 DEBUG o.h.t.BasicTypeRegistry [restartedMain] Adding type registration date -> org.hibernate.type.DateType@403a7548
2021-07-12 15:24:51,379 DEBUG o.h.t.BasicTypeRegistry [restartedMain] Adding type registration java.sql.Date -> org.hibernate.type.DateType@403a7548
2021-07-12 15:24:51,380 DEBUG o.h.t.BasicTypeRegistry [restartedMain] Adding type registration time -> org.hibernate.type.TimeType@38f3a926
2021-07-12 15:24:51,380 DEBUG o.h.t.BasicTypeRegistry [restartedMain] Adding type registration java.sql.Time -> org.hibernate.type.TimeType@38f3a926
2021-07-12 15:24:51,380 DEBUG o.h.t.BasicTypeRegistry [restartedMain] Adding type registration timestamp -> org.hibernate.type.TimestampType@67e06e08
2021-07-12 15:24:51,380 DEBUG o.h.t.BasicTypeRegistry [restartedMain] Adding type registration java.sql.Timestamp -> org.hibernate.type.TimestampType@67e06e08
2021-07-12 15:24:51,380 DEBUG o.h.t.BasicTypeRegistry [restartedMain] Adding type registration java.util.Date -> org.hibernate.type.TimestampType@67e06e08
2021-07-12 15:24:51,380 DEBUG o.h.t.BasicTypeRegistry [restartedMain] Adding type registration dbtimestamp -> org.hibernate.type.DbTimestampType@3d9b195a
2021-07-12 15:24:51,380 DEBUG o.h.t.BasicTypeRegistry [restartedMain] Adding type registration calendar -> org.hibernate.type.CalendarType@527cd5a6
2021-07-12 15:24:51,380 DEBUG o.h.t.BasicTypeRegistry [restartedMain] Adding type registration java.util.Calendar -> org.hibernate.type.CalendarType@527cd5a6
2021-07-12 15:24:51,380 DEBUG o.h.t.BasicTypeRegistry [restartedMain] Adding type registration java.util.GregorianCalendar -> org.hibernate.type.CalendarType@527cd5a6
2021-07-12 15:24:51,380 DEBUG o.h.t.BasicTypeRegistry [restartedMain] Adding type registration calendar_date -> org.hibernate.type.CalendarDateType@6d9e27e4
2021-07-12 15:24:51,381 DEBUG o.h.t.BasicTypeRegistry [restartedMain] Adding type registration calendar_time -> org.hibernate.type.CalendarTimeType@5bc0f314
2021-07-12 15:24:51,381 DEBUG o.h.t.BasicTypeRegistry [restartedMain] Adding type registration locale -> org.hibernate.type.LocaleType@6600896e
2021-07-12 15:24:51,381 DEBUG o.h.t.BasicTypeRegistry [restartedMain] Adding type registration java.util.Locale -> org.hibernate.type.LocaleType@6600896e
2021-07-12 15:24:51,381 DEBUG o.h.t.BasicTypeRegistry [restartedMain] Adding type registration currency -> org.hibernate.type.CurrencyType@4f1bc62e
2021-07-12 15:24:51,381 DEBUG o.h.t.BasicTypeRegistry [restartedMain] Adding type registration java.util.Currency -> org.hibernate.type.CurrencyType@4f1bc62e
2021-07-12 15:24:51,381 DEBUG o.h.t.BasicTypeRegistry [restartedMain] Adding type registration timezone -> org.hibernate.type.TimeZoneType@6ec3e7e
2021-07-12 15:24:51,381 DEBUG o.h.t.BasicTypeRegistry [restartedMain] Adding type registration java.util.TimeZone -> org.hibernate.type.TimeZoneType@6ec3e7e
2021-07-12 15:24:51,381 DEBUG o.h.t.BasicTypeRegistry [restartedMain] Adding type registration class -> org.hibernate.type.ClassType@72482fa6
2021-07-12 15:24:51,381 DEBUG o.h.t.BasicTypeRegistry [restartedMain] Adding type registration java.lang.Class -> org.hibernate.type.ClassType@72482fa6
2021-07-12 15:24:51,382 DEBUG o.h.t.BasicTypeRegistry [restartedMain] Adding type registration uuid-binary -> org.hibernate.type.UUIDBinaryType@4cab5fc
2021-07-12 15:24:51,382 DEBUG o.h.t.BasicTypeRegistry [restartedMain] Adding type registration java.util.UUID -> org.hibernate.type.UUIDBinaryType@4cab5fc
2021-07-12 15:24:51,382 DEBUG o.h.t.BasicTypeRegistry [restartedMain] Adding type registration uuid-char -> org.hibernate.type.UUIDCharType@611c66b2
2021-07-12 15:24:51,382 DEBUG o.h.t.BasicTypeRegistry [restartedMain] Adding type registration binary -> org.hibernate.type.BinaryType@5f06da71
2021-07-12 15:24:51,382 DEBUG o.h.t.BasicTypeRegistry [restartedMain] Adding type registration byte[] -> org.hibernate.type.BinaryType@5f06da71
2021-07-12 15:24:51,382 DEBUG o.h.t.BasicTypeRegistry [restartedMain] Adding type registration [B -> org.hibernate.type.BinaryType@5f06da71
2021-07-12 15:24:51,382 DEBUG o.h.t.BasicTypeRegistry [restartedMain] Adding type registration wrapper-binary -> org.hibernate.type.WrapperBinaryType@37b1df65
2021-07-12 15:24:51,382 DEBUG o.h.t.BasicTypeRegistry [restartedMain] Adding type registration Byte[] -> org.hibernate.type.WrapperBinaryType@37b1df65
2021-07-12 15:24:51,382 DEBUG o.h.t.BasicTypeRegistry [restartedMain] Adding type registration [Ljava.lang.Byte; -> org.hibernate.type.WrapperBinaryType@37b1df65
2021-07-12 15:24:51,383 DEBUG o.h.t.BasicTypeRegistry [restartedMain] Adding type registration row_version -> org.hibernate.type.RowVersionType@d46127c
2021-07-12 15:24:51,383 DEBUG o.h.t.BasicTypeRegistry [restartedMain] Adding type registration image -> org.hibernate.type.ImageType@395e16cd
2021-07-12 15:24:51,383 DEBUG o.h.t.BasicTypeRegistry [restartedMain] Adding type registration characters -> org.hibernate.type.CharArrayType@1e03b86
2021-07-12 15:24:51,383 DEBUG o.h.t.BasicTypeRegistry [restartedMain] Adding type registration char[] -> org.hibernate.type.CharArrayType@1e03b86
2021-07-12 15:24:51,383 DEBUG o.h.t.BasicTypeRegistry [restartedMain] Adding type registration [C -> org.hibernate.type.CharArrayType@1e03b86
2021-07-12 15:24:51,383 DEBUG o.h.t.BasicTypeRegistry [restartedMain] Adding type registration wrapper-characters -> org.hibernate.type.CharacterArrayType@74528f01
2021-07-12 15:24:51,383 DEBUG o.h.t.BasicTypeRegistry [restartedMain] Adding type registration [Ljava.lang.Character; -> org.hibernate.type.CharacterArrayType@74528f01
2021-07-12 15:24:51,383 DEBUG o.h.t.BasicTypeRegistry [restartedMain] Adding type registration Character[] -> org.hibernate.type.CharacterArrayType@74528f01
2021-07-12 15:24:51,383 DEBUG o.h.t.BasicTypeRegistry [restartedMain] Adding type registration text -> org.hibernate.type.TextType@76cf91e9
2021-07-12 15:24:51,384 DEBUG o.h.t.BasicTypeRegistry [restartedMain] Adding type registration ntext -> org.hibernate.type.NTextType@1932f2ff
2021-07-12 15:24:51,384 DEBUG o.h.t.BasicTypeRegistry [restartedMain] Adding type registration blob -> org.hibernate.type.BlobType@792c1e2
2021-07-12 15:24:51,384 DEBUG o.h.t.BasicTypeRegistry [restartedMain] Adding type registration java.sql.Blob -> org.hibernate.type.BlobType@792c1e2
2021-07-12 15:24:51,384 DEBUG o.h.t.BasicTypeRegistry [restartedMain] Adding type registration materialized_blob -> org.hibernate.type.MaterializedBlobType@6d34eb7a
2021-07-12 15:24:51,384 DEBUG o.h.t.BasicTypeRegistry [restartedMain] Adding type registration clob -> org.hibernate.type.ClobType@f29fbe3
2021-07-12 15:24:51,384 DEBUG o.h.t.BasicTypeRegistry [restartedMain] Adding type registration java.sql.Clob -> org.hibernate.type.ClobType@f29fbe3
2021-07-12 15:24:51,384 DEBUG o.h.t.BasicTypeRegistry [restartedMain] Adding type registration nclob -> org.hibernate.type.NClobType@708337fe
2021-07-12 15:24:51,384 DEBUG o.h.t.BasicTypeRegistry [restartedMain] Adding type registration java.sql.NClob -> org.hibernate.type.NClobType@708337fe
2021-07-12 15:24:51,384 DEBUG o.h.t.BasicTypeRegistry [restartedMain] Adding type registration materialized_clob -> org.hibernate.type.MaterializedClobType@5b1512a5
2021-07-12 15:24:51,385 DEBUG o.h.t.BasicTypeRegistry [restartedMain] Adding type registration materialized_nclob -> org.hibernate.type.MaterializedNClobType@4e56813f
2021-07-12 15:24:51,385 DEBUG o.h.t.BasicTypeRegistry [restartedMain] Adding type registration serializable -> org.hibernate.type.SerializableType@781d2237
2021-07-12 15:24:51,385 DEBUG o.h.t.BasicTypeRegistry [restartedMain] Adding type registration object -> org.hibernate.type.ObjectType@64c44346
2021-07-12 15:24:51,385 DEBUG o.h.t.BasicTypeRegistry [restartedMain] Adding type registration java.lang.Object -> org.hibernate.type.ObjectType@64c44346
2021-07-12 15:24:51,385 DEBUG o.h.t.BasicTypeRegistry [restartedMain] Adding type registration imm_date -> org.hibernate.type.AdaptedImmutableType@64be5f13
2021-07-12 15:24:51,385 DEBUG o.h.t.BasicTypeRegistry [restartedMain] Adding type registration imm_time -> org.hibernate.type.AdaptedImmutableType@35f0d6a7
2021-07-12 15:24:51,385 DEBUG o.h.t.BasicTypeRegistry [restartedMain] Adding type registration imm_timestamp -> org.hibernate.type.AdaptedImmutableType@6bbc430d
2021-07-12 15:24:51,385 DEBUG o.h.t.BasicTypeRegistry [restartedMain] Adding type registration imm_dbtimestamp -> org.hibernate.type.AdaptedImmutableType@a93262a
2021-07-12 15:24:51,385 DEBUG o.h.t.BasicTypeRegistry [restartedMain] Adding type registration imm_calendar -> org.hibernate.type.AdaptedImmutableType@1cc3b6ac
2021-07-12 15:24:51,386 DEBUG o.h.t.BasicTypeRegistry [restartedMain] Adding type registration imm_calendar_date -> org.hibernate.type.AdaptedImmutableType@2f350e7d
2021-07-12 15:24:51,386 DEBUG o.h.t.BasicTypeRegistry [restartedMain] Adding type registration imm_binary -> org.hibernate.type.AdaptedImmutableType@261884bd
2021-07-12 15:24:51,386 DEBUG o.h.t.BasicTypeRegistry [restartedMain] Adding type registration imm_serializable -> org.hibernate.type.AdaptedImmutableType@35a94422
2021-07-12 15:24:52,028 DEBUG o.h.t.BasicTypeRegistry [restartedMain] Adding type registration pg-uuid -> org.hibernate.type.PostgresUUIDType@68611b22
2021-07-12 15:24:52,028 DEBUG o.h.t.BasicTypeRegistry [restartedMain] Adding type registration java.util.UUID -> org.hibernate.type.PostgresUUIDType@68611b22
2021-07-12 15:24:52,028 DEBUG o.h.t.BasicTypeRegistry [restartedMain] HHH000270: Type registration [java.util.UUID] overrides previous : org.hibernate.type.UUIDBinaryType@4cab5fc
2021-07-12 15:24:52,030 DEBUG o.h.t.s.TypeConfiguration$Scope [restartedMain] Scoping TypeConfiguration [org.hibernate.type.spi.TypeConfiguration@744ad3d9] to MetadataBuildingContext [org.hibernate.boot.internal.MetadataBuildingContextRootImpl@482e5ec]
2021-07-12 15:24:52,063 DEBUG o.h.t.s.TypeConfiguration$Scope [restartedMain] Scoping TypeConfiguration [org.hibernate.type.spi.TypeConfiguration@744ad3d9] to SessionFactoryImpl [org.hibernate.internal.SessionFactoryImpl@43151521]
2021-07-12 15:24:53,420 TRACE o.h.t.s.TypeConfiguration$Scope [restartedMain] Handling #sessionFactoryCreated from [org.hibernate.internal.SessionFactoryImpl@43151521] for TypeConfiguration
2021-07-12 15:24:54,744 INFO c.c.h.HrmsApplication [restartedMain] Started HrmsApplication in 4.947 seconds (JVM running for 4167.789)
